============================= test session starts =============================
platform win32 -- Python 3.12.10, pytest-8.4.0, pluggy-1.6.0 -- D:\Code\stock_rule_based\venv\Scripts\python.exe
cachedir: .pytest_cache
rootdir: D:\Code\stock_rule_based
configfile: pyproject.toml
plugins: cov-6.2.1
collecting ... collected 81 items

tests/test_backtester.py::TestBacktester::test_init_default_parameters PASSED [  1%]
tests/test_backtester.py::TestBacktester::test_init_custom_parameters PASSED [  2%]
tests/test_backtester.py::TestBacktester::test_calc_edge_score_basic PASSED [  3%]
tests/test_backtester.py::TestBacktester::test_calc_edge_score_zero_values PASSED [  4%]
tests/test_backtester.py::TestBacktester::test_generate_signals_empty_rule_stack PASSED [  6%]
tests/test_backtester.py::TestBacktester::test_generate_signals_sma_crossover PASSED [  7%]
tests/test_backtester.py::TestBacktester::test_generate_signals_invalid_rule PASSED [  8%]
tests/test_backtester.py::TestBacktester::test_generate_signals_missing_parameters PASSED [  9%]
tests/test_backtester.py::TestBacktesterIntegration::test_find_optimal_strategies_basic_flow PASSED [ 11%]
tests/test_backtester.py::TestBacktesterFixtures::test_sample_backtest_data_fixture PASSED [ 12%]
tests/test_cli.py::test_cli_import PASSED                                [ 13%]
tests/test_cli.py::test_run_command_help PASSED                          [ 14%]
tests/test_cli.py::test_run_command_basic PASSED                         [ 16%]
tests/test_cli.py::test_run_command_verbose PASSED                       [ 17%]
tests/test_cli.py::test_run_command_freeze_date PASSED                   [ 18%]
tests/test_cli.py::test_run_command_success PASSED                       [ 19%]
tests/test_cli.py::test_run_command_invalid_freeze_date PASSED           [ 20%]
tests/test_cli.py::test_run_command_no_config PASSED                     [ 22%]
tests/test_cli.py::test_run_command_missing_rules PASSED                 [ 23%]
tests/test_cli.py::test_run_command_with_persistence PASSED              [ 24%]
tests/test_cli.py::test_run_command_persistence_failure_handling PASSED  [ 25%]
tests/test_config.py::test_config_model_valid PASSED                     [ 27%]
tests/test_config.py::test_config_model_invalid_weights PASSED           [ 28%]
tests/test_config.py::test_load_config_missing_file PASSED               [ 29%]
tests/test_data.py::TestDataFunctions::test_load_universe PASSED         [ 30%]
tests/test_data.py::TestDataFunctions::test_load_universe_missing_file PASSED [ 32%]
tests/test_data.py::TestDataFunctions::test_load_universe_malformed PASSED [ 33%]
tests/test_data.py::TestDataFunctions::test_add_ns_suffix PASSED         [ 34%]
tests/test_data.py::TestDataFunctions::test_needs_refresh_missing_file PASSED [ 35%]
tests/test_data.py::TestDataFunctions::test_needs_refresh_fresh_file PASSED [ 37%]
tests/test_data.py::TestDataFunctions::test_needs_refresh_stale_file PASSED [ 38%]
tests/test_data.py::TestDataFunctions::test_validate_data_quality_good_data PASSED [ 39%]
tests/test_data.py::TestDataFunctions::test_validate_data_quality_negative_prices PASSED [ 40%]
tests/test_data.py::TestDataFunctions::test_save_and_load_symbol_cache PASSED [ 41%]
tests/test_data.py::TestDataFunctions::test_get_price_data_with_date_filtering PASSED [ 43%]
tests/test_data.py::TestDataFunctions::test_get_price_data_with_freeze_date PASSED [ 44%]
tests/test_data.py::TestDataFunctions::test_get_price_data_missing_cache PASSED [ 45%]
tests/test_data.py::TestDataFunctions::test_refresh_market_data_freeze_mode PASSED [ 46%]
tests/test_data.py::TestDataFunctions::test_refresh_market_data_success PASSED [ 48%]
tests/test_data.py::TestDataFunctions::test_fetch_symbol_data_multiindex_columns PASSED [ 49%]
tests/test_data.py::TestDataFunctions::test_fetch_symbol_data_tuple_columns PASSED [ 50%]
tests/test_integration.py::TestCLIIntegration::test_config_loading_integration PASSED [ 51%]
tests/test_integration.py::TestCLIIntegration::test_data_loading_integration PASSED [ 53%]
tests/test_integration.py::TestCLIIntegration::test_backtester_with_real_rules PASSED [ 54%]
tests/test_integration.py::TestCLIIntegration::test_end_to_end_cli_workflow PASSED [ 55%]
tests/test_integration.py::TestCLIIntegration::test_error_handling_integration PASSED [ 56%]
tests/test_integration.py::TestBacktesterRuleIntegration::test_rule_function_lookup PASSED [ 58%]
tests/test_integration.py::TestBacktesterRuleIntegration::test_rule_parameter_validation PASSED [ 59%]
tests/test_persistence.py::TestCreateDatabase::test_create_database_success PASSED [ 60%]
tests/test_persistence.py::TestCreateDatabase::test_create_database_idempotent PASSED [ 61%]
tests/test_persistence.py::TestSaveStrategiesBatch::test_save_strategies_batch_success PASSED [ 62%]
tests/test_persistence.py::TestSaveStrategiesBatch::test_save_strategies_batch_empty_list PASSED [ 64%]
tests/test_persistence.py::TestSaveStrategiesBatch::test_save_strategies_batch_transaction_rollback PASSED [ 65%]
tests/test_persistence.py::TestSaveStrategiesBatch::test_save_strategies_batch_invalid_rule_stack PASSED [ 66%]
tests/test_persistence.py::TestSaveStrategiesBatch::test_save_strategies_batch_database_not_exists PASSED [ 67%]
tests/test_persistence.py::TestSaveStrategiesBatch::test_save_strategies_multiple_batches PASSED [ 69%]
tests/test_persistence.py::TestIntegration::test_create_and_save_workflow PASSED [ 70%]
tests/test_reporter.py::TestFetchBestStrategies::test_fetch_strategies_success PASSED [ 71%]
tests/test_reporter.py::TestFetchBestStrategies::test_fetch_strategies_threshold_filtering PASSED [ 72%]
tests/test_reporter.py::TestFetchBestStrategies::test_fetch_strategies_no_results PASSED [ 74%]
tests/test_reporter.py::TestFetchBestStrategies::test_fetch_strategies_database_error PASSED [ 75%]
tests/test_reporter.py::TestCheckForSignal::test_check_signal_with_valid_rule PASSED [ 76%]
tests/test_reporter.py::TestCheckForSignal::test_check_signal_no_signal PASSED [ 77%]
tests/test_reporter.py::TestCheckForSignal::test_check_signal_empty_data PASSED [ 79%]
tests/test_reporter.py::TestCheckForSignal::test_check_signal_unknown_rule PASSED [ 80%]
tests/test_reporter.py::TestCheckForSignal::test_check_signal_rule_exception PASSED [ 81%]
tests/test_reporter.py::TestIdentifyNewSignals::test_identify_signals_success PASSED [ 82%]
tests/test_reporter.py::TestIdentifyNewSignals::test_identify_signals_no_strategies PASSED [ 83%]
tests/test_reporter.py::TestGenerateDailyReport::test_generate_report_with_positions PASSED [ 85%]
tests/test_rule_funcs.py::TestSMACrossover::test_valid_crossover_signal PASSED [ 86%]
tests/test_rule_funcs.py::TestSMACrossover::test_insufficient_data PASSED [ 87%]
tests/test_rule_funcs.py::TestSMACrossover::test_invalid_periods PASSED  [ 88%]
tests/test_rule_funcs.py::TestCalculateRSI::test_rsi_calculation PASSED  [ 90%]
tests/test_rule_funcs.py::TestCalculateRSI::test_rsi_insufficient_data PASSED [ 91%]
tests/test_rule_funcs.py::TestRSIOversold::test_oversold_signal_generation PASSED [ 92%]
tests/test_rule_funcs.py::TestRSIOversold::test_insufficient_data_rsi PASSED [ 93%]
tests/test_rule_funcs.py::TestEMACrossover::test_ema_crossover_signal PASSED [ 95%]
tests/test_rule_funcs.py::TestEdgeCases::test_empty_dataframe PASSED     [ 96%]
tests/test_rule_funcs.py::TestEdgeCases::test_single_price_data PASSED   [ 97%]
tests/test_rule_funcs.py::TestEdgeCases::test_nan_price_data PASSED      [ 98%]
tests/test_rule_funcs.py::TestIntegration::test_all_rules_with_real_data PASSED [100%]

=============================== tests coverage ================================
______________ coverage: platform win32, python 3.12.10-final-0 _______________

Name                             Stmts   Miss  Cover
----------------------------------------------------
src\kiss_signal\__init__.py          4      0   100%
src\kiss_signal\_version.py         13     13     0%
src\kiss_signal\backtester.py       87     12    86%
src\kiss_signal\cli.py             149     26    83%
src\kiss_signal\config.py           68     11    84%
src\kiss_signal\data.py            160     40    75%
src\kiss_signal\persistence.py     118     17    86%
src\kiss_signal\reporter.py        206     43    79%
src\kiss_signal\rules.py            50      3    94%
----------------------------------------------------
TOTAL                              855    165    81%
======================= 81 passed in 112.49s (0:01:52) ========================
