============================= test session starts =============================
platform win32 -- Python 3.12.10, pytest-8.4.0, pluggy-1.6.0 -- D:\Code\stock_rule_based\venv\Scripts\python.exe
cachedir: .pytest_cache
rootdir: D:\Code\stock_rule_based
configfile: pyproject.toml
plugins: cov-6.2.1
collecting ... collected 230 items

tests/test_backtester.py::TestBacktester::test_init_default_parameters PASSED [  0%]
tests/test_backtester.py::TestBacktester::test_init_custom_parameters PASSED [  0%]
tests/test_backtester.py::TestBacktester::test_generate_signals_empty_type_field PASSED [  1%]
tests/test_backtester.py::TestBacktester::test_generate_signals_sma_crossover PASSED [  1%]
tests/test_backtester.py::TestBacktester::test_generate_signals_invalid_rule PASSED [  2%]
tests/test_backtester.py::TestBacktester::test_generate_signals_missing_parameters PASSED [  2%]
tests/test_backtester.py::TestBacktester::test_find_optimal_strategies_no_trades PASSED [  3%]
tests/test_backtester.py::TestBacktesterIntegration::test_find_optimal_strategies_basic_flow PASSED [  3%]
tests/test_backtester.py::TestBacktesterIntegration::test_generate_exit_signals_multiple_stop_loss PASSED [  3%]
tests/test_backtester.py::TestBacktesterIntegration::test_generate_exit_signals_multiple_take_profit PASSED [  4%]
tests/test_backtester.py::TestBacktesterIntegration::test_generate_exit_signals_indicator_rule_exception PASSED [  4%]
tests/test_backtester.py::TestBacktesterIntegration::test_find_optimal_strategies_no_baseline_rule PASSED [  5%]
tests/test_backtester.py::TestBacktesterIntegration::test_find_optimal_strategies_infer_freq_none PASSED [  5%]
tests/test_backtester.py::TestBacktesterIntegration::test_find_optimal_strategies_intraday_data_ffill PASSED [  6%]
tests/test_backtester.py::TestBacktesterIntegration::test_find_optimal_strategies_successful_freq_inference PASSED [  6%]
tests/test_backtester.py::TestBacktesterIntegration::test_find_optimal_strategies_with_sell_conditions_logging PASSED [  6%]
tests/test_backtester.py::TestBacktesterIntegration::test_find_optimal_strategies_empty_signals PASSED [  7%]
tests/test_backtester.py::TestBacktesterIntegration::test_find_optimal_strategies_zero_trades_after_signals PASSED [  7%]
tests/test_backtester.py::TestBacktesterIntegration::test_find_optimal_strategies_total_trades_zero PASSED [  8%]
tests/test_backtester.py::TestBacktesterIntegration::test_find_optimal_strategies_exception_in_processing PASSED [  8%]
tests/test_backtester.py::TestBacktesterFixtures::test_sample_backtest_data_fixture PASSED [  9%]
tests/test_cli_advanced.py::test_run_command_with_persistence PASSED     [  9%]
tests/test_cli_advanced.py::test_run_command_persistence_failure_handling PASSED [ 10%]
tests/test_cli_advanced.py::test_run_command_backtest_value_error PASSED [ 10%]
tests/test_cli_advanced.py::test_run_command_file_not_found_in_backtest PASSED [ 10%]
tests/test_cli_advanced.py::test_run_command_backtest_generic_exception_verbose PASSED [ 11%]
tests/test_cli_advanced.py::test_run_command_report_generation_fails_warning PASSED [ 11%]
tests/test_cli_advanced.py::test_analyze_rules_command PASSED            [ 12%]
tests/test_cli_advanced.py::test_analyze_rules_db_not_found PASSED       [ 12%]
tests/test_cli_advanced.py::test_analyze_rules_no_strategies_found PASSED [ 13%]
tests/test_cli_advanced.py::test_analyze_rules_exception_handling PASSED [ 13%]
tests/test_cli_advanced.py::test_analyze_strategies_command_success PASSED [ 13%]
tests/test_cli_advanced.py::test_analyze_strategies_command_custom_output PASSED [ 14%]
tests/test_cli_advanced.py::test_analyze_strategies_command_no_database PASSED [ 14%]
tests/test_cli_advanced.py::test_analyze_strategies_command_no_data PASSED [ 15%]
tests/test_cli_advanced.py::test_analyze_strategies_command_error_handling PASSED [ 15%]
tests/test_cli_basic.py::test_run_command_help PASSED                    [ 16%]
tests/test_cli_basic.py::test_display_results_empty PASSED               [ 16%]
tests/test_cli_basic.py::test_run_command_basic PASSED                   [ 16%]
tests/test_cli_basic.py::test_run_command_verbose PASSED                 [ 17%]
tests/test_cli_basic.py::test_run_command_freeze_date PASSED             [ 17%]
tests/test_cli_basic.py::test_run_command_success PASSED                 [ 18%]
tests/test_cli_basic.py::test_run_command_invalid_freeze_date PASSED     [ 18%]
tests/test_cli_basic.py::test_run_command_no_config PASSED               [ 19%]
tests/test_cli_basic.py::test_run_command_missing_rules PASSED           [ 19%]
tests/test_cli_basic.py::test_run_command_insufficient_data_handling PASSED [ 20%]
tests/test_config.py::test_config_model_valid PASSED                     [ 20%]
tests/test_config.py::test_config_model_invalid_weights PASSED           [ 20%]
tests/test_config.py::test_load_config_missing_file PASSED               [ 21%]
tests/test_config.py::test_config_universe_path_is_dir PASSED            [ 21%]
tests/test_config.py::test_load_config_invalid_yaml PASSED               [ 22%]
tests/test_config.py::test_load_config_empty_file PASSED                 [ 22%]
tests/test_config.py::test_load_rules_invalid_structure_pydantic[layers: []-Field required] PASSED [ 23%]
tests/test_config.py::test_load_rules_invalid_structure_pydantic[baseline: 123-Input should be a valid dictionary] PASSED [ 23%]
tests/test_config.py::test_load_rules_invalid_structure_pydantic[baseline: {}\nlayers: {}-Field required] PASSED [ 23%]
tests/test_config.py::test_load_rules_invalid_structure_pydantic[baseline: {name: a, type: b, params: {}}\nlayers: {}-Input should be a valid list] PASSED [ 24%]
tests/test_config.py::test_load_rules_missing_file PASSED                [ 24%]
tests/test_config.py::test_load_rules_invalid_yaml PASSED                [ 25%]
tests/test_config.py::test_load_rules_empty_file PASSED                  [ 25%]
tests/test_data_advanced.py::TestDataAdvancedFunctions::test_get_price_data_missing_cache PASSED [ 26%]
tests/test_data_advanced.py::TestDataAdvancedFunctions::test_refresh_market_data_freeze_mode PASSED [ 26%]
tests/test_data_advanced.py::TestDataAdvancedFunctions::test_refresh_market_data_success PASSED [ 26%]
tests/test_data_advanced.py::TestDataAdvancedFunctions::test_fetch_symbol_data_multiindex_columns PASSED [ 27%]
tests/test_data_advanced.py::TestDataAdvancedFunctions::test_fetch_symbol_data_tuple_columns PASSED [ 27%]
tests/test_data_advanced.py::TestDataAdvancedFunctions::test_refresh_market_data_fetch_failure PASSED [ 28%]
tests/test_data_advanced.py::TestDataAdvancedFunctions::test_refresh_market_data_validation_failure PASSED [ 28%]
tests/test_data_advanced.py::TestDataAdvancedFunctions::test_get_price_data_fetch_fails PASSED [ 29%]
tests/test_data_advanced.py::TestDataAdvancedFunctions::test_fetch_symbol_data_empty_df PASSED [ 29%]
tests/test_data_advanced.py::TestDataAdvancedFunctions::test_fetch_symbol_data_missing_columns PASSED [ 30%]
tests/test_data_advanced.py::TestDataAdvancedFunctions::test_fetch_symbol_data_api_exception PASSED [ 30%]
tests/test_data_advanced.py::TestDataAdvancedFunctions::test_fetch_and_store_data_fetch_fails PASSED [ 30%]
tests/test_data_advanced.py::TestDataAdvancedFunctions::test_fetch_and_store_data_validation_fails PASSED [ 31%]
tests/test_data_advanced.py::TestDataAdvancedFunctions::test_fetch_and_store_data_save_fails PASSED [ 31%]
tests/test_data_advanced.py::TestDataAdvancedFunctions::test_refresh_market_data_with_list PASSED [ 32%]
tests/test_data_basic.py::TestDataBasicFunctions::test_load_universe PASSED [ 32%]
tests/test_data_basic.py::TestDataBasicFunctions::test_load_universe_missing_file PASSED [ 33%]
tests/test_data_basic.py::TestDataBasicFunctions::test_load_universe_malformed PASSED [ 33%]
tests/test_data_basic.py::TestDataBasicFunctions::test_add_ns_suffix PASSED [ 33%]
tests/test_data_basic.py::TestDataBasicFunctions::test_needs_refresh_missing_file PASSED [ 34%]
tests/test_data_basic.py::TestDataBasicFunctions::test_needs_refresh_fresh_file PASSED [ 34%]
tests/test_data_basic.py::TestDataBasicFunctions::test_needs_refresh_stale_file PASSED [ 35%]
tests/test_data_basic.py::TestDataBasicFunctions::test_validate_data_quality_good_data PASSED [ 35%]
tests/test_data_basic.py::TestDataBasicFunctions::test_validate_data_quality_negative_prices PASSED [ 36%]
tests/test_data_basic.py::TestDataBasicFunctions::test_validate_data_quality_zero_volume PASSED [ 36%]
tests/test_data_basic.py::TestDataBasicFunctions::test_validate_data_quality_empty_df PASSED [ 36%]
tests/test_data_basic.py::TestDataBasicFunctions::test_validate_data_quality_large_gap PASSED [ 37%]
tests/test_data_basic.py::TestDataBasicFunctions::test_save_and_load_symbol_cache PASSED [ 37%]
tests/test_data_basic.py::TestDataBasicFunctions::test_save_symbol_cache_exception PASSED [ 38%]
tests/test_data_basic.py::TestDataBasicFunctions::test_load_symbol_cache_with_unnamed_col PASSED [ 38%]
tests/test_data_basic.py::TestDataBasicFunctions::test_load_symbol_cache_with_date_as_first_col PASSED [ 39%]
tests/test_data_basic.py::TestDataBasicFunctions::test_get_price_data_with_date_filtering PASSED [ 39%]
tests/test_data_basic.py::TestDataBasicFunctions::test_get_price_data_with_start_and_end_date PASSED [ 40%]
tests/test_data_basic.py::TestDataBasicFunctions::test_get_price_data_with_freeze_date PASSED [ 40%]
tests/test_data_basic.py::TestDataBasicFunctions::test_get_price_data_freeze_mode_no_cache PASSED [ 40%]
tests/test_data_basic.py::TestDataBasicFunctions::test_get_price_data_no_data_in_range PASSED [ 41%]
tests/test_data_basic.py::TestDataBasicFunctions::test_get_price_data_limited_data_warning PASSED [ 41%]
tests/test_data_basic.py::TestDataBasicFunctions::test_needs_refresh_os_error PASSED [ 42%]
tests/test_integration_backtester.py::TestBacktesterRuleIntegration::test_rule_function_lookup PASSED [ 42%]
tests/test_integration_backtester.py::TestBacktesterRuleIntegration::test_rule_parameter_validation PASSED [ 43%]
tests/test_integration_backtester.py::TestBacktesterRuleIntegration::test_backtester_with_real_rules PASSED [ 43%]
tests/test_integration_cli.py::TestCLIIntegration::test_config_loading_integration PASSED [ 43%]
tests/test_integration_cli.py::TestCLIIntegration::test_data_loading_integration PASSED [ 44%]
tests/test_integration_cli.py::TestCLIIntegration::test_end_to_end_cli_workflow PASSED [ 44%]
tests/test_integration_cli.py::TestCLIIntegration::test_error_handling_integration PASSED [ 45%]
tests/test_performance.py::test_performance_monitor_context_manager PASSED [ 45%]
tests/test_performance.py::test_performance_monitor_decorator PASSED     [ 46%]
tests/test_performance.py::test_get_summary PASSED                       [ 46%]
tests/test_performance.py::test_get_summary_empty PASSED                 [ 46%]
tests/test_performance.py::test_duration_warning PASSED                  [ 47%]
tests/test_performance.py::test_global_monitor_instance PASSED           [ 47%]
tests/test_performance.py::test_performance_benchmark_simulation PASSED  [ 48%]
tests/test_persistence.py::TestCreateDatabase::test_create_database_success PASSED [ 48%]
tests/test_persistence.py::TestCreateDatabase::test_create_database_idempotent PASSED [ 49%]
tests/test_persistence.py::TestCreateDatabase::test_create_database_failure PASSED [ 49%]
tests/test_persistence.py::TestSaveStrategiesBatch::test_save_strategies_batch_success PASSED [ 50%]
tests/test_persistence.py::TestSaveStrategiesBatch::test_save_strategies_batch_empty_list PASSED [ 50%]
tests/test_persistence.py::TestSaveStrategiesBatch::test_save_strategies_batch_transaction_rollback PASSED [ 50%]
tests/test_persistence.py::TestSaveStrategiesBatch::test_save_strategies_batch_invalid_rule_stack PASSED [ 51%]
tests/test_persistence.py::TestSaveStrategiesBatch::test_save_strategies_batch_with_closed_connection PASSED [ 51%]
tests/test_persistence.py::TestSaveStrategiesBatch::test_save_strategies_batch_insert_error PASSED [ 52%]
tests/test_persistence.py::TestSaveStrategiesBatch::test_save_strategies_batch_with_numpy_int PASSED [ 52%]
tests/test_persistence.py::TestGetOpenPositions::test_get_open_positions_success PASSED [ 53%]
tests/test_persistence.py::TestGetOpenPositions::test_get_open_positions_empty PASSED [ 53%]
tests/test_persistence.py::TestGetOpenPositions::test_get_open_positions_db_error PASSED [ 53%]
tests/test_persistence.py::TestClosePositionsBatch::test_close_positions_batch_success PASSED [ 54%]
tests/test_persistence.py::TestClosePositionsBatch::test_close_positions_batch_empty_list PASSED [ 54%]
tests/test_persistence.py::TestClosePositionsBatch::test_close_positions_batch_db_error PASSED [ 55%]
tests/test_persistence.py::TestAddPositions::test_add_new_position_skips_existing_open PASSED [ 55%]
tests/test_persistence.py::TestAddPositions::test_add_new_positions_empty_list PASSED [ 56%]
tests/test_persistence.py::TestAddPositions::test_add_new_positions_db_error PASSED [ 56%]
tests/test_persistence.py::TestAddPositions::test_save_strategies_multiple_batches PASSED [ 56%]
tests/test_persistence.py::TestIntegration::test_create_and_save_workflow PASSED [ 57%]
tests/test_persistence.py::TestMigrationV2::test_migrate_strategies_table_v2_fresh_database PASSED [ 57%]
tests/test_persistence.py::TestMigrationV2::test_migrate_strategies_table_v2_with_existing_data PASSED [ 58%]
tests/test_persistence.py::TestMigrationV2::test_migrate_strategies_table_v2_idempotent PASSED [ 58%]
tests/test_persistence.py::TestMigrationV2::test_config_functions PASSED [ 59%]
tests/test_reporter_advanced.py::TestIdentifyNewSignalsEdgeCases::test_identify_signals_data_load_failure_or_empty PASSED [ 59%]
tests/test_reporter_advanced.py::TestIdentifyNewSignalsEdgeCases::test_identify_signals_json_decode_error PASSED [ 60%]
tests/test_reporter_advanced.py::TestIdentifyNewSignalsEdgeCases::test_identify_signals_rule_stack_not_list PASSED [ 60%]
tests/test_reporter_advanced.py::TestIdentifyNewSignalsEdgeCases::test_identify_signals_empty_rule_stack_list PASSED [ 60%]
tests/test_reporter_advanced.py::TestIdentifyNewSignalsEdgeCases::test_identify_signals_rule_def_not_dict PASSED [ 61%]
tests/test_reporter_advanced.py::TestIdentifyNewSignalsEdgeCases::test_identify_signals_unexpected_error_in_processing PASSED [ 61%]
tests/test_reporter_advanced.py::TestReportFormatting::test_format_new_buys_table_empty PASSED [ 62%]
tests/test_reporter_advanced.py::TestReportFormatting::test_format_open_positions_table_empty PASSED [ 62%]
tests/test_reporter_advanced.py::TestReportFormatting::test_format_sell_positions_table_empty PASSED [ 63%]
tests/test_reporter_advanced.py::TestReportFormatting::test_format_open_positions_table_with_na PASSED [ 63%]
tests/test_reporter_advanced.py::TestGenerateDailyReport::test_generate_report_with_positions PASSED [ 63%]
tests/test_reporter_advanced.py::TestGenerateDailyReport::test_generate_report_file_write_error PASSED [ 64%]
tests/test_reporter_advanced.py::TestGenerateDailyReport::test_generate_report_generic_exception PASSED [ 64%]
tests/test_reporter_advanced.py::TestGenerateDailyReport::test_generate_report_error_processing_position PASSED [ 65%]
tests/test_reporter_advanced.py::TestRulePerformanceAnalysis::test_analyze_rule_performance PASSED [ 65%]
tests/test_reporter_advanced.py::TestRulePerformanceAnalysis::test_format_rule_analysis_as_md PASSED [ 66%]
tests/test_reporter_advanced.py::TestRulePerformanceAnalysis::test_analyze_rule_performance_db_error PASSED [ 66%]
tests/test_reporter_advanced.py::TestStrategyPerformanceAnalysis::test_analyze_strategy_performance_basic PASSED [ 66%]
tests/test_reporter_advanced.py::TestStrategyPerformanceAnalysis::test_format_strategy_analysis_as_md PASSED [ 67%]
tests/test_reporter_advanced.py::TestStrategyPerformanceAnalysis::test_format_strategy_analysis_as_csv PASSED [ 67%]
tests/test_reporter_advanced.py::TestStrategyPerformanceAnalysis::test_format_strategy_analysis_as_csv_empty PASSED [ 68%]
tests/test_reporter_core.py::TestFetchBestStrategies::test_fetch_strategies_success PASSED [ 68%]
tests/test_reporter_core.py::TestFetchBestStrategies::test_fetch_strategies_threshold_filtering PASSED [ 69%]
tests/test_reporter_core.py::TestFetchBestStrategies::test_fetch_strategies_no_results PASSED [ 69%]
tests/test_reporter_core.py::TestFetchBestStrategies::test_fetch_strategies_database_error PASSED [ 70%]
tests/test_reporter_core.py::TestFetchBestStrategies::test_fetch_strategies_generic_exception PASSED [ 70%]
tests/test_reporter_core.py::TestReportFormatting::test_format_new_buys_table_empty PASSED [ 70%]
tests/test_reporter_core.py::TestReportFormatting::test_format_open_positions_table_empty PASSED [ 71%]
tests/test_reporter_core.py::TestReportFormatting::test_format_sell_positions_table_empty PASSED [ 71%]
tests/test_reporter_core.py::TestReportFormatting::test_format_open_positions_table_with_na PASSED [ 72%]
tests/test_reporter_core.py::TestFindSignalsInWindow::test_single_rule_with_signal PASSED [ 72%]
tests/test_reporter_core.py::TestFindSignalsInWindow::test_multiple_rules_and_logic PASSED [ 73%]
tests/test_reporter_core.py::TestFindSignalsInWindow::test_no_signals_produced PASSED [ 73%]
tests/test_reporter_core.py::TestFindSignalsInWindow::test_empty_data_or_rules PASSED [ 73%]
tests/test_reporter_core.py::TestIdentifyNewSignalsWithWindow::test_finds_signal_within_hold_period PASSED [ 74%]
tests/test_reporter_core.py::TestIdentifyNewSignalsWithWindow::test_ignores_signal_outside_hold_period PASSED [ 74%]
tests/test_reporter_core.py::TestIdentifyNewSignalsWithWindow::test_finds_multiple_recent_signals PASSED [ 75%]
tests/test_reporter_core.py::TestCheckExitConditions::test_stop_loss_triggered PASSED [ 75%]
tests/test_reporter_core.py::TestCheckExitConditions::test_take_profit_triggered PASSED [ 76%]
tests/test_reporter_core.py::TestCheckExitConditions::test_indicator_exit_triggered PASSED [ 76%]
tests/test_reporter_core.py::TestCheckExitConditions::test_indicator_exit_rule_error PASSED [ 76%]
tests/test_reporter_core.py::TestCheckExitConditions::test_time_based_exit_triggered PASSED [ 77%]
tests/test_reporter_core.py::TestCheckExitConditions::test_no_exit_condition_met PASSED [ 77%]
tests/test_reporter_core.py::TestCheckExitConditions::test_exit_priority_sl_over_tp PASSED [ 78%]
tests/test_reporter_core.py::TestCheckExitConditions::test_exit_priority_indicator_over_time PASSED [ 78%]
tests/test_reporter_data_issues.py::TestRuleDefAttributeError::test_check_exit_conditions_with_ruledef_objects PASSED [ 79%]
tests/test_reporter_data_issues.py::TestRuleDefAttributeError::test_check_exit_conditions_with_dict_objects PASSED [ 79%]
tests/test_reporter_data_issues.py::TestRuleDefAttributeError::test_check_exit_conditions_mixed_types PASSED [ 80%]
tests/test_reporter_data_issues.py::TestStaleDataHandling::test_check_exit_conditions_handles_stale_data_gracefully PASSED [ 80%]
tests/test_reporter_data_issues.py::TestStaleDataHandling::test_format_open_positions_with_stale_data_info PASSED [ 80%]
tests/test_reporter_data_issues.py::TestDataAvailabilityEdgeCases::test_check_exit_conditions_with_complex_ruledef_params PASSED [ 81%]
tests/test_reporter_data_issues.py::TestDataAvailabilityEdgeCases::test_format_positions_with_missing_data_fields PASSED [ 81%]
tests/test_reporter_data_issues.py::TestDataAvailabilityEdgeCases::test_malformed_rule_stack_resilience PASSED [ 82%]
tests/test_reporter_data_issues.py::TestPriceCalculationAccuracy::test_return_percentage_calculation PASSED [ 82%]
tests/test_reporter_data_issues.py::TestPriceCalculationAccuracy::test_negative_return_calculation PASSED [ 83%]
tests/test_reporter_data_issues.py::TestPriceCalculationAccuracy::test_zero_entry_price_handling PASSED [ 83%]
tests/test_rule_funcs.py::TestSMACrossover::test_valid_crossover_signal PASSED [ 83%]
tests/test_rule_funcs.py::TestSMACrossover::test_insufficient_data PASSED [ 84%]
tests/test_rule_funcs.py::TestSMACrossover::test_invalid_periods PASSED  [ 84%]
tests/test_rule_funcs.py::TestCalculateRSI::test_rsi_calculation PASSED  [ 85%]
tests/test_rule_funcs.py::TestCalculateRSI::test_rsi_insufficient_data PASSED [ 85%]
tests/test_rule_funcs.py::TestRSIOversold::test_oversold_signal_generation PASSED [ 86%]
tests/test_rule_funcs.py::TestRSIOversold::test_insufficient_data_rsi PASSED [ 86%]
tests/test_rule_funcs.py::TestEMACrossover::test_ema_crossover_signal PASSED [ 86%]
tests/test_rule_funcs.py::TestEdgeCases::test_empty_dataframe PASSED     [ 87%]
tests/test_rule_funcs.py::TestEdgeCases::test_single_price_data PASSED   [ 87%]
tests/test_rule_funcs.py::TestEdgeCases::test_nan_price_data PASSED      [ 88%]
tests/test_rule_funcs.py::TestIntegration::test_all_rules_with_real_data PASSED [ 88%]
tests/test_rule_funcs.py::TestVolumeSpike::test_volume_spike_detection PASSED [ 89%]
tests/test_rule_funcs.py::TestVolumeSpike::test_volume_spike_insufficient_data PASSED [ 89%]
tests/test_rule_funcs.py::TestVolumeSpike::test_volume_spike_invalid_params PASSED [ 90%]
tests/test_rule_funcs.py::TestVolumeSpike::test_volume_spike_missing_columns PASSED [ 90%]
tests/test_rule_funcs.py::TestHammerPattern::test_hammer_pattern_detection PASSED [ 90%]
tests/test_rule_funcs.py::TestHammerPattern::test_hammer_pattern_empty_data PASSED [ 91%]
tests/test_rule_funcs.py::TestHammerPattern::test_hammer_pattern_invalid_params PASSED [ 91%]
tests/test_rule_funcs.py::TestHammerPattern::test_hammer_pattern_missing_columns PASSED [ 92%]
tests/test_rule_funcs.py::TestEngulfingPattern::test_engulfing_pattern_detection PASSED [ 92%]
tests/test_rule_funcs.py::TestEngulfingPattern::test_engulfing_pattern_insufficient_data PASSED [ 93%]
tests/test_rule_funcs.py::TestEngulfingPattern::test_engulfing_pattern_invalid_params PASSED [ 93%]
tests/test_rule_funcs.py::TestEngulfingPattern::test_engulfing_pattern_missing_columns PASSED [ 93%]
tests/test_rule_funcs.py::TestMACDCrossover::test_macd_crossover_signal PASSED [ 94%]
tests/test_rule_funcs.py::TestMACDCrossover::test_macd_crossover_insufficient_data PASSED [ 94%]
tests/test_rule_funcs.py::TestMACDCrossover::test_macd_crossover_invalid_params PASSED [ 95%]
tests/test_rule_funcs.py::TestMACDCrossover::test_macd_crossover_missing_columns PASSED [ 95%]
tests/test_rule_funcs.py::TestBollingerSqueeze::test_bollinger_squeeze_signal PASSED [ 96%]
tests/test_rule_funcs.py::TestBollingerSqueeze::test_bollinger_squeeze_insufficient_data PASSED [ 96%]
tests/test_rule_funcs.py::TestBollingerSqueeze::test_bollinger_squeeze_invalid_params PASSED [ 96%]
tests/test_rule_funcs.py::TestBollingerSqueeze::test_bollinger_squeeze_missing_columns PASSED [ 97%]
tests/test_rule_funcs.py::TestNewRulesIntegration::test_all_new_rules_with_sample_data PASSED [ 97%]
tests/test_rule_funcs.py::test_sma_cross_under_basic PASSED              [ 98%]
tests/test_rule_funcs.py::test_sma_cross_under_parameter_validation PASSED [ 98%]
tests/test_rule_funcs.py::test_stop_loss_pct_validation PASSED           [ 99%]
tests/test_rule_funcs.py::test_take_profit_pct_validation PASSED         [ 99%]
tests/test_rule_funcs.py::test_sma_cross_under_insufficient_data PASSED  [100%]

=============================== tests coverage ================================
______________ coverage: platform win32, python 3.12.10-final-0 _______________

Name                             Stmts   Miss  Cover
----------------------------------------------------
src\kiss_signal\__init__.py          4      0   100%
src\kiss_signal\backtester.py      149     14    91%
src\kiss_signal\cli.py             311     98    68%
src\kiss_signal\config.py           78      3    96%
src\kiss_signal\data.py            177     15    92%
src\kiss_signal\performance.py      41      0   100%
src\kiss_signal\persistence.py     189     15    92%
src\kiss_signal\reporter.py        357     82    77%
src\kiss_signal\rules.py           176      9    95%
----------------------------------------------------
TOTAL                             1482    236    84%
======================= 230 passed in 66.43s (0:01:06) ========================
