============================= test session starts =============================
platform win32 -- Python 3.12.10, pytest-8.4.0, pluggy-1.6.0 -- D:\Code\stock_rule_based\venv\Scripts\python.exe
cachedir: .pytest_cache
rootdir: D:\Code\stock_rule_based
configfile: pyproject.toml
plugins: cov-6.2.1
collecting ... collected 462 items

tests/test_atr_fix.py::TestATRExitFunctionsFix::test_atr_exit_functions_skipped_in_signal_generation PASSED [  0%]
tests/test_atr_fix.py::TestATRExitFunctionsFix::test_only_atr_exit_functions_returns_no_signals PASSED [  0%]
tests/test_atr_fix.py::TestATRExitFunctionsFix::test_mixed_rule_stack_with_atr_functions PASSED [  0%]
tests/test_backtester.py::TestBacktester::test_init_default_parameters PASSED [  0%]
tests/test_backtester.py::TestBacktester::test_init_custom_parameters PASSED [  1%]
tests/test_backtester.py::TestBacktester::test_generate_signals_empty_type_field PASSED [  1%]
tests/test_backtester.py::TestBacktester::test_generate_signals_sma_crossover PASSED [  1%]
tests/test_backtester.py::TestBacktester::test_generate_signals_invalid_rule PASSED [  1%]
tests/test_backtester.py::TestBacktester::test_generate_signals_missing_parameters PASSED [  1%]
tests/test_backtester.py::TestBacktester::test_find_optimal_strategies_no_trades PASSED [  2%]
tests/test_backtester.py::TestBacktester::test_atr_exit_signal_generation PASSED [  2%]
tests/test_backtester.py::TestBacktester::test_generate_exit_signals_with_atr PASSED [  2%]
tests/test_backtester.py::TestBacktester::test_track_entry_prices PASSED [  2%]
tests/test_backtester.py::TestBacktesterIntegration::test_find_optimal_strategies_basic_flow PASSED [  3%]
tests/test_backtester.py::TestBacktesterIntegration::test_generate_exit_signals_multiple_stop_loss PASSED [  3%]
tests/test_backtester.py::TestBacktesterIntegration::test_generate_exit_signals_multiple_take_profit PASSED [  3%]
tests/test_backtester.py::TestBacktesterIntegration::test_generate_exit_signals_indicator_rule_exception PASSED [  3%]
tests/test_backtester.py::TestBacktesterIntegration::test_find_optimal_strategies_no_baseline_rule PASSED [  3%]
tests/test_backtester.py::TestBacktesterIntegration::test_find_optimal_strategies_infer_freq_none PASSED [  4%]
tests/test_backtester.py::TestBacktesterIntegration::test_find_optimal_strategies_intraday_data_ffill PASSED [  4%]
tests/test_backtester.py::TestBacktesterIntegration::test_find_optimal_strategies_successful_freq_inference PASSED [  4%]
tests/test_backtester.py::TestBacktesterIntegration::test_find_optimal_strategies_with_sell_conditions_logging PASSED [  4%]
tests/test_backtester.py::TestBacktesterIntegration::test_find_optimal_strategies_empty_signals PASSED [  4%]
tests/test_backtester.py::TestBacktesterIntegration::test_find_optimal_strategies_zero_trades_after_signals PASSED [  5%]
tests/test_backtester.py::TestBacktesterIntegration::test_find_optimal_strategies_total_trades_zero PASSED [  5%]
tests/test_backtester.py::TestBacktesterIntegration::test_find_optimal_strategies_exception_in_processing PASSED [  5%]
tests/test_backtester.py::TestBacktesterFixtures::test_sample_backtest_data_fixture PASSED [  5%]
tests/test_cli_advanced.py::test_run_command_with_persistence PASSED     [  6%]
tests/test_cli_advanced.py::test_run_command_persistence_failure_handling PASSED [  6%]
tests/test_cli_advanced.py::test_run_command_backtest_value_error PASSED [  6%]
tests/test_cli_advanced.py::test_run_command_file_not_found_in_backtest PASSED [  6%]
tests/test_cli_advanced.py::test_run_command_backtest_generic_exception_verbose PASSED [  6%]
tests/test_cli_advanced.py::test_run_command_report_generation_fails_warning PASSED [  7%]
tests/test_cli_advanced.py::test_analyze_strategies_command_success PASSED [  7%]
tests/test_cli_advanced.py::test_analyze_strategies_command_custom_output PASSED [  7%]
tests/test_cli_advanced.py::test_analyze_strategies_command_no_database PASSED [  7%]
tests/test_cli_advanced.py::test_analyze_strategies_command_no_data PASSED [  8%]
tests/test_cli_advanced.py::test_analyze_strategies_command_error_handling PASSED [  8%]
tests/test_cli_advanced.py::test_analyze_rules_exception_handling PASSED [  8%]
tests/test_cli_basic.py::test_run_command_help PASSED                    [  8%]
tests/test_cli_basic.py::test_display_results_empty PASSED               [  8%]
tests/test_cli_basic.py::test_run_command_basic PASSED                   [  9%]
tests/test_cli_basic.py::test_run_command_verbose PASSED                 [  9%]
tests/test_cli_basic.py::test_run_command_freeze_date PASSED             [  9%]
tests/test_cli_basic.py::test_run_command_success PASSED                 [  9%]
tests/test_cli_basic.py::test_run_command_invalid_freeze_date PASSED     [  9%]
tests/test_cli_basic.py::test_run_command_no_config PASSED               [ 10%]
tests/test_cli_basic.py::test_run_command_missing_rules PASSED           [ 10%]
tests/test_cli_basic.py::test_run_command_insufficient_data_handling PASSED [ 10%]
tests/test_cli_clear_and_recalculate_new.py::TestClearAndRecalculateInlineImplementation::test_clear_and_recalculate_basic_flow PASSED [ 10%]
tests/test_cli_clear_and_recalculate_new.py::TestClearAndRecalculateInlineImplementation::test_preserve_all_mode_skips_clearing PASSED [ 11%]
tests/test_cli_clear_and_recalculate_new.py::TestClearAndRecalculateInlineImplementation::test_freeze_date_handling PASSED [ 11%]
tests/test_cli_clear_and_recalculate_new.py::TestClearAndRecalculateInlineImplementation::test_database_error_handling PASSED [ 11%]
tests/test_cli_clear_and_recalculate_new.py::TestClearAndRecalculateInlineImplementation::test_missing_database_file PASSED [ 11%]
tests/test_cli_clear_and_recalculate_new.py::TestClearAndRecalculateInlineImplementation::test_log_file_creation PASSED [ 11%]
tests/test_cli_clear_and_recalculate_new.py::TestConfigIntegration::test_get_active_strategy_combinations_called PASSED [ 12%]
tests/test_cli_coverage.py::TestCLIHelperFunctions::test_show_banner_function PASSED [ 12%]
tests/test_cli_coverage.py::TestCLIHelperFunctions::test_create_progress_context PASSED [ 12%]
tests/test_cli_coverage.py::TestClearAndRecalculateCommand::test_clear_and_recalculate_success PASSED [ 12%]
tests/test_cli_coverage.py::TestClearAndRecalculateCommand::test_clear_and_recalculate_db_not_found PASSED [ 12%]
tests/test_cli_coverage.py::TestClearAndRecalculateCommand::test_clear_and_recalculate_with_freeze_date PASSED [ 13%]
tests/test_cli_coverage.py::TestAnalyzeSymbolHelperFunction::test_analyze_symbol_none_price_data PASSED [ 13%]
tests/test_cli_coverage.py::TestAnalyzeSymbolHelperFunction::test_analyze_symbol_insufficient_data PASSED [ 13%]
tests/test_cli_coverage.py::TestPerformanceMonitoringPaths::test_run_command_with_performance_summary PASSED [ 13%]
tests/test_cli_coverage.py::TestLogFileCreationErrorHandling::test_run_command_log_file_error_handling PASSED [ 14%]
tests/test_cli_coverage.py::TestLogFileCreationErrorHandling::test_analyze_strategies_log_file_error_handling PASSED [ 14%]
tests/test_cli_coverage.py::TestDisplayResultsFunction::test_display_results_with_strategies PASSED [ 14%]
tests/test_cli_coverage.py::TestMainCallbackEdgeCases::test_main_callback_resilient_parsing PASSED [ 14%]
tests/test_cli_coverage.py::TestMainCallbackEdgeCases::test_main_callback_config_loading_error PASSED [ 14%]
tests/test_cli_coverage.py::TestClearAndRecalculateErrorHandling::test_clear_and_recalculate_exception_handling PASSED [ 15%]
tests/test_cli_coverage.py::TestClearAndRecalculateErrorHandling::test_clear_and_recalculate_log_file_error PASSED [ 15%]
tests/test_cli_coverage.py::TestProcessAndSaveResultsFunction::test_process_and_save_results_with_rules_model_dump PASSED [ 15%]
tests/test_cli_coverage.py::TestProcessAndSaveResultsFunction::test_process_and_save_results_without_model_dump PASSED [ 15%]
tests/test_cli_min_trades.py::TestMinTradesParameter::test_run_backtests_with_none_min_trades_uses_config_default PASSED [ 16%]
tests/test_cli_min_trades.py::TestMinTradesParameter::test_run_backtests_with_explicit_min_trades_overrides_config PASSED [ 16%]
tests/test_cli_min_trades.py::TestMinTradesParameter::test_run_backtests_with_zero_min_trades_saves_all_strategies PASSED [ 16%]
tests/test_cli_min_trades.py::TestMinTradesParameter::test_run_backtests_falls_back_to_zero_when_no_config_default PASSED [ 16%]
tests/test_cli_min_trades.py::TestRunCommandMinTrades::test_run_command_with_min_trades_parameter PASSED [ 16%]
tests/test_cli_min_trades.py::TestRunCommandMinTrades::test_run_command_without_min_trades_uses_config_default PASSED [ 17%]
tests/test_cli_min_trades.py::TestAnalyzeStrategiesMinTrades::test_analyze_strategies_with_min_trades_filters_correctly PASSED [ 17%]
tests/test_cli_min_trades.py::TestAnalyzeStrategiesMinTrades::test_analyze_strategies_with_min_trades_zero_shows_all PASSED [ 17%]
tests/test_cli_min_trades.py::TestAnalyzeStrategiesMinTrades::test_analyze_strategies_without_min_trades_uses_default PASSED [ 17%]
tests/test_cli_min_trades.py::TestAnalyzeStrategiesMinTrades::test_analyze_strategies_aggregated_respects_min_trades PASSED [ 17%]
tests/test_cli_min_trades.py::TestMinTradesIntegration::test_end_to_end_min_trades_workflow PASSED [ 18%]
tests/test_complete_rule_stack.py::TestCompleteRuleStack::test_rule_stack_includes_all_rule_types PASSED [ 18%]
tests/test_complete_rule_stack.py::TestCompleteRuleStack::test_rule_stack_preserves_entry_rules_order PASSED [ 18%]
tests/test_complete_rule_stack.py::TestCompleteRuleStack::test_rule_stack_includes_context_and_sell_rules_after_entry PASSED [ 18%]
tests/test_complete_rule_stack.py::TestCompleteRuleStack::test_multiple_strategies_all_have_complete_rule_stack PASSED [ 19%]
tests/test_complete_rule_stack.py::TestCompleteRuleStack::test_empty_context_and_sell_rules_handled_gracefully PASSED [ 19%]
tests/test_complete_rule_stack.py::TestCompleteRuleStack::test_baseline_only_strategy_includes_context_and_sell_rules PASSED [ 19%]
tests/test_complete_rule_stack.py::TestCompleteRuleStack::test_rule_stack_preserves_rule_definitions_structure PASSED [ 19%]
tests/test_config.py::test_config_model_valid PASSED                     [ 19%]
tests/test_config.py::test_config_model_invalid_weights PASSED           [ 20%]
tests/test_config.py::test_load_config_missing_file PASSED               [ 20%]
tests/test_config.py::test_config_universe_path_is_dir PASSED            [ 20%]
tests/test_config.py::test_load_config_invalid_yaml PASSED               [ 20%]
tests/test_config.py::test_load_config_empty_file PASSED                 [ 20%]
tests/test_config.py::test_load_rules_invalid_structure_pydantic[layers: []-Field required] PASSED [ 21%]
tests/test_config.py::test_load_rules_invalid_structure_pydantic[baseline: 123-Input should be a valid dictionary] PASSED [ 21%]
tests/test_config.py::test_load_rules_invalid_structure_pydantic[baseline: {}\nlayers: {}-Field required] PASSED [ 21%]
tests/test_config.py::test_load_rules_invalid_structure_pydantic[baseline: {name: a, type: b, params: {}}\nlayers: {}-Input should be a valid list] PASSED [ 21%]
tests/test_config.py::test_load_rules_missing_file PASSED                [ 22%]
tests/test_config.py::test_load_rules_invalid_yaml PASSED                [ 22%]
tests/test_config.py::test_load_rules_empty_file PASSED                  [ 22%]
tests/test_config.py::test_rules_config_with_context_filters PASSED      [ 22%]
tests/test_config.py::test_rules_config_without_context_filters PASSED   [ 22%]
tests/test_config.py::test_rules_config_with_preconditions PASSED        [ 23%]
tests/test_config.py::test_rules_config_without_preconditions PASSED     [ 23%]
tests/test_context_filters.py::TestContextFilterIntegration::test_backtester_apply_context_filters_integration PASSED [ 23%]
tests/test_context_filters.py::TestContextFilterIntegration::test_backtester_market_data_caching PASSED [ 23%]
tests/test_context_filters.py::TestContextFilterIntegration::test_context_filter_error_handling PASSED [ 24%]
tests/test_context_filters.py::TestContextFilterIntegration::test_context_filter_parameter_extraction PASSED [ 24%]
tests/test_context_filters.py::TestContextFilterIntegration::test_context_filter_with_market_above_sma PASSED [ 24%]
tests/test_context_filters.py::TestContextFilterIntegration::test_freeze_mode_behavior PASSED [ 24%]
tests/test_context_filters.py::TestContextFilterIntegration::test_get_price_data_basic_functionality PASSED [ 24%]
tests/test_context_filters.py::TestContextFilterIntegration::test_market_cache_filename_pattern PASSED [ 25%]
tests/test_context_filters.py::TestContextFilterIntegration::test_market_cache_save_load_cycle PASSED [ 25%]
tests/test_context_filters.py::TestContextFilterIntegration::test_unknown_context_filter_type PASSED [ 25%]
tests/test_context_filters.py::TestRulesConfigContextFilters::test_backward_compatibility_empty_context_filters PASSED [ 25%]
tests/test_context_filters.py::TestRulesConfigContextFilters::test_rules_config_loads_context_filters PASSED [ 25%]
tests/test_data_advanced.py::TestDataAdvancedFunctions::test_get_price_data_missing_cache PASSED [ 26%]
tests/test_data_advanced.py::TestDataAdvancedFunctions::test_refresh_market_data_freeze_mode PASSED [ 26%]
tests/test_data_advanced.py::TestDataAdvancedFunctions::test_refresh_market_data_success PASSED [ 26%]
tests/test_data_advanced.py::TestDataAdvancedFunctions::test_fetch_symbol_data_multiindex_columns PASSED [ 26%]
tests/test_data_advanced.py::TestDataAdvancedFunctions::test_fetch_symbol_data_tuple_columns PASSED [ 27%]
tests/test_data_advanced.py::TestDataAdvancedFunctions::test_refresh_market_data_fetch_failure PASSED [ 27%]
tests/test_data_advanced.py::TestDataAdvancedFunctions::test_refresh_market_data_validation_failure PASSED [ 27%]
tests/test_data_advanced.py::TestDataAdvancedFunctions::test_get_price_data_fetch_fails PASSED [ 27%]
tests/test_data_advanced.py::TestDataAdvancedFunctions::test_fetch_symbol_data_empty_df PASSED [ 27%]
tests/test_data_advanced.py::TestDataAdvancedFunctions::test_fetch_symbol_data_missing_columns PASSED [ 28%]
tests/test_data_advanced.py::TestDataAdvancedFunctions::test_fetch_symbol_data_api_exception PASSED [ 28%]
tests/test_data_advanced.py::TestDataAdvancedFunctions::test_fetch_and_store_data_fetch_fails PASSED [ 28%]
tests/test_data_advanced.py::TestDataAdvancedFunctions::test_fetch_and_store_data_validation_fails PASSED [ 28%]
tests/test_data_advanced.py::TestDataAdvancedFunctions::test_fetch_and_store_data_save_fails PASSED [ 29%]
tests/test_data_advanced.py::TestDataAdvancedFunctions::test_refresh_market_data_with_list PASSED [ 29%]
tests/test_data_basic.py::TestDataBasicFunctions::test_load_universe PASSED [ 29%]
tests/test_data_basic.py::TestDataBasicFunctions::test_load_universe_missing_file PASSED [ 29%]
tests/test_data_basic.py::TestDataBasicFunctions::test_load_universe_malformed PASSED [ 29%]
tests/test_data_basic.py::TestDataBasicFunctions::test_add_ns_suffix PASSED [ 30%]
tests/test_data_basic.py::TestDataBasicFunctions::test_needs_refresh_missing_file PASSED [ 30%]
tests/test_data_basic.py::TestDataBasicFunctions::test_needs_refresh_fresh_file PASSED [ 30%]
tests/test_data_basic.py::TestDataBasicFunctions::test_needs_refresh_stale_file PASSED [ 30%]
tests/test_data_basic.py::TestDataBasicFunctions::test_validate_data_quality_good_data PASSED [ 30%]
tests/test_data_basic.py::TestDataBasicFunctions::test_validate_data_quality_negative_prices PASSED [ 31%]
tests/test_data_basic.py::TestDataBasicFunctions::test_validate_data_quality_zero_volume PASSED [ 31%]
tests/test_data_basic.py::TestDataBasicFunctions::test_validate_data_quality_empty_df PASSED [ 31%]
tests/test_data_basic.py::TestDataBasicFunctions::test_validate_data_quality_large_gap PASSED [ 31%]
tests/test_data_basic.py::TestDataBasicFunctions::test_save_and_load_cache PASSED [ 32%]
tests/test_data_basic.py::TestDataBasicFunctions::test_save_cache_exception PASSED [ 32%]
tests/test_data_basic.py::TestDataBasicFunctions::test_load_cache_with_unnamed_col PASSED [ 32%]
tests/test_data_basic.py::TestDataBasicFunctions::test_load_cache_with_date_as_first_col PASSED [ 32%]
tests/test_data_basic.py::TestDataBasicFunctions::test_get_price_data_with_date_filtering PASSED [ 32%]
tests/test_data_basic.py::TestDataBasicFunctions::test_get_price_data_with_start_and_end_date PASSED [ 33%]
tests/test_data_basic.py::TestDataBasicFunctions::test_get_price_data_with_freeze_date PASSED [ 33%]
tests/test_data_basic.py::TestDataBasicFunctions::test_get_price_data_freeze_mode_no_cache PASSED [ 33%]
tests/test_data_basic.py::TestDataBasicFunctions::test_get_price_data_no_data_in_range PASSED [ 33%]
tests/test_data_basic.py::TestDataBasicFunctions::test_get_price_data_limited_data_warning PASSED [ 33%]
tests/test_data_basic.py::TestDataBasicFunctions::test_get_price_data_nifty_no_warning_for_limited_data PASSED [ 34%]
tests/test_data_basic.py::TestDataBasicFunctions::test_get_price_data_regular_stock_still_warns_for_limited_data PASSED [ 34%]
tests/test_data_basic.py::TestDataBasicFunctions::test_needs_refresh_os_error PASSED [ 34%]
tests/test_data_basic.py::TestDataBasicFunctions::test_get_price_data_adds_ns_suffix_for_fetch PASSED [ 34%]
tests/test_data_basic.py::TestDataBasicFunctions::test_get_price_data_preserves_index_symbols PASSED [ 35%]
tests/test_data_basic.py::TestDataBasicFunctions::test_get_price_data_position_tracking_no_warning PASSED [ 35%]
tests/test_data_basic.py::TestDataBasicFunctions::test_get_price_data_regular_loading_still_warns PASSED [ 35%]
tests/test_data_basic.py::TestDataBasicFunctions::test_get_price_data_position_tracking_with_only_start_date_warns PASSED [ 35%]
tests/test_data_basic.py::TestDataBasicFunctions::test_get_price_data_position_tracking_with_only_end_date_warns PASSED [ 35%]
tests/test_data_basic.py::TestDataBasicFunctions::test_get_price_data_sufficient_data_no_warning PASSED [ 36%]
tests/test_data_basic.py::TestDataBasicFunctions::test_get_price_data_position_tracking_uses_debug_not_warning PASSED [ 36%]
tests/test_data_basic.py::TestDataBasicFunctions::test_get_price_data_limited_data_still_warns_for_regular_loading PASSED [ 36%]
tests/test_data_basic.py::TestDataBasicFunctions::test_get_price_data_position_tracking_with_start_date_only_still_warns PASSED [ 36%]
tests/test_integration_backtester.py::TestBacktesterRuleIntegration::test_rule_function_lookup PASSED [ 37%]
tests/test_integration_backtester.py::TestBacktesterRuleIntegration::test_rule_parameter_validation PASSED [ 37%]
tests/test_integration_backtester.py::TestBacktesterRuleIntegration::test_backtester_with_real_rules PASSED [ 37%]
tests/test_integration_cli.py::TestCLIIntegration::test_config_loading_integration PASSED [ 37%]
tests/test_integration_cli.py::TestCLIIntegration::test_data_loading_integration PASSED [ 37%]
tests/test_integration_cli.py::TestCLIIntegration::test_end_to_end_cli_workflow PASSED [ 38%]
tests/test_integration_cli.py::TestCLIIntegration::test_error_handling_integration PASSED [ 38%]
tests/test_market_alignment.py::TestMarketDataAlignment::test_market_cache_save_and_load_preserves_datetime_index PASSED [ 38%]
tests/test_market_alignment.py::TestMarketDataAlignment::test_market_above_sma_with_rangeindex_input PASSED [ 38%]
tests/test_market_alignment.py::TestMarketDataAlignment::test_market_above_sma_with_datetime_index_input PASSED [ 38%]
tests/test_market_alignment.py::TestMarketDataAlignment::test_market_data_alignment_in_backtester_context PASSED [ 39%]
tests/test_market_alignment.py::TestMarketDataAlignment::test_freeze_date_functionality PASSED [ 39%]
tests/test_market_alignment.py::TestMarketDataAlignment::test_alignment_signal_count_preservation PASSED [ 39%]
tests/test_market_alignment.py::TestMarketDataAlignment::test_problematic_csv_format_handling PASSED [ 39%]
tests/test_market_alignment.py::test_end_to_end_alignment PASSED         [ 40%]
tests/test_mathematical_accuracy.py::TestATRMathematicalAccuracy::test_atr_manual_calculation_simple PASSED [ 40%]
tests/test_mathematical_accuracy.py::TestATRMathematicalAccuracy::test_atr_boundary_conditions PASSED [ 40%]
tests/test_mathematical_accuracy.py::TestSMAMathematicalAccuracy::test_sma_manual_calculation PASSED [ 40%]
tests/test_mathematical_accuracy.py::TestSMAMathematicalAccuracy::test_sma_mathematical_properties PASSED [ 40%]
tests/test_mathematical_accuracy.py::TestSMAMathematicalAccuracy::test_sma_boundary_conditions PASSED [ 41%]
tests/test_mathematical_accuracy.py::TestMathematicalToleranceLevels::test_trading_tolerance_sufficient PASSED [ 41%]
tests/test_mathematical_accuracy.py::TestMathematicalToleranceLevels::test_precision_documentation PASSED [ 41%]
tests/test_min_trades.py::test_analyze_strategies_command_min_trades_filter PASSED [ 41%]
tests/test_min_trades.py::test_analyze_strategies_command_min_trades_aggregated PASSED [ 41%]
tests/test_pandas_downcasting_fix.py::TestPandasDowncastingFix::test_no_future_warnings_on_import PASSED [ 42%]
tests/test_pandas_downcasting_fix.py::TestPandasDowncastingFix::test_apply_context_filters_no_warnings PASSED [ 42%]
tests/test_pandas_downcasting_fix.py::TestPandasDowncastingFix::test_pandas_option_is_set PASSED [ 42%]
tests/test_pandas_downcasting_fix.py::TestPandasDowncastingFix::test_fillna_operations_no_warnings PASSED [ 42%]
tests/test_pandas_downcasting_fix.py::TestPandasDowncastingFix::test_backtester_integration_no_warnings PASSED [ 43%]
tests/test_performance.py::test_performance_monitor_context_manager PASSED [ 43%]
tests/test_performance.py::test_performance_monitor_decorator PASSED     [ 43%]
tests/test_performance.py::test_get_summary PASSED                       [ 43%]
tests/test_performance.py::test_get_summary_empty PASSED                 [ 43%]
tests/test_performance.py::test_duration_warning PASSED                  [ 44%]
tests/test_performance.py::test_global_monitor_instance PASSED           [ 44%]
tests/test_performance.py::test_performance_benchmark_simulation PASSED  [ 44%]
tests/test_persistence.py::TestCreateDatabase::test_create_database_success PASSED [ 44%]
tests/test_persistence.py::TestCreateDatabase::test_create_database_idempotent PASSED [ 45%]
tests/test_persistence.py::TestCreateDatabase::test_create_database_failure PASSED [ 45%]
tests/test_persistence.py::TestSaveStrategiesBatch::test_save_strategies_batch_success PASSED [ 45%]
tests/test_persistence.py::TestSaveStrategiesBatch::test_save_strategies_batch_empty_list PASSED [ 45%]
tests/test_persistence.py::TestSaveStrategiesBatch::test_save_strategies_batch_transaction_rollback PASSED [ 45%]
tests/test_persistence.py::TestSaveStrategiesBatch::test_save_strategies_batch_invalid_rule_stack PASSED [ 46%]
tests/test_persistence.py::TestSaveStrategiesBatch::test_save_strategies_batch_with_closed_connection PASSED [ 46%]
tests/test_persistence.py::TestSaveStrategiesBatch::test_save_strategies_batch_upsert_behavior PASSED [ 46%]
tests/test_persistence.py::TestSaveStrategiesBatch::test_save_strategies_batch_with_numpy_int PASSED [ 46%]
tests/test_persistence.py::TestGetOpenPositions::test_get_open_positions_success PASSED [ 46%]
tests/test_persistence.py::TestGetOpenPositions::test_get_open_positions_empty PASSED [ 47%]
tests/test_persistence.py::TestGetOpenPositions::test_get_open_positions_db_error PASSED [ 47%]
tests/test_persistence.py::TestClosePositionsBatch::test_close_positions_batch_success PASSED [ 47%]
tests/test_persistence.py::TestClosePositionsBatch::test_close_positions_batch_empty_list PASSED [ 47%]
tests/test_persistence.py::TestClosePositionsBatch::test_close_positions_batch_db_error PASSED [ 48%]
tests/test_persistence.py::TestAddPositions::test_add_new_position_skips_existing_open PASSED [ 48%]
tests/test_persistence.py::TestAddPositions::test_add_new_positions_empty_list PASSED [ 48%]
tests/test_persistence.py::TestAddPositions::test_add_new_positions_db_error PASSED [ 48%]
tests/test_persistence.py::TestAddPositions::test_save_strategies_multiple_batches PASSED [ 48%]
tests/test_persistence.py::TestIntegration::test_create_and_save_workflow PASSED [ 49%]
tests/test_persistence.py::TestMigrationV2::test_migrate_strategies_table_v2_fresh_database PASSED [ 49%]
tests/test_persistence.py::TestMigrationV2::test_migrate_strategies_table_v2_with_existing_data PASSED [ 49%]
tests/test_persistence.py::TestMigrationV2::test_migrate_strategies_table_v2_idempotent PASSED [ 49%]
tests/test_persistence.py::TestMigrationV2::test_config_functions PASSED [ 50%]
tests/test_persistence.py::TestGetConnectionEdgeCases::test_get_connection_with_migration_needed PASSED [ 50%]
tests/test_persistence.py::TestGetConnectionEdgeCases::test_get_connection_database_error PASSED [ 50%]
tests/test_persistence.py::TestGetConnectionEdgeCases::test_get_connection_already_migrated PASSED [ 50%]
tests/test_persistence.py::TestCreateDatabaseEdgeCases::test_create_database_parent_directory_creation PASSED [ 50%]
tests/test_persistence.py::TestCreateDatabaseEdgeCases::test_create_database_oserror PASSED [ 51%]
tests/test_persistence.py::TestConfigHashAndSnapshot::test_generate_config_hash_deterministic PASSED [ 51%]
tests/test_persistence.py::TestConfigHashAndSnapshot::test_generate_config_hash_different_configs PASSED [ 51%]
tests/test_persistence.py::TestConfigHashAndSnapshot::test_create_config_snapshot_with_freeze_date PASSED [ 51%]
tests/test_persistence.py::TestConfigHashAndSnapshot::test_create_config_snapshot_without_freeze_date PASSED [ 51%]
tests/test_persistence.py::TestSaveStrategiesBatchEdgeCases::test_save_strategies_batch_with_pydantic_models PASSED [ 52%]
tests/test_persistence.py::TestSaveStrategiesBatchEdgeCases::test_save_strategies_batch_assertion_errors PASSED [ 52%]
tests/test_persistence.py::TestAddNewPositionsFromSignalsEdgeCases::test_add_positions_with_rule_stack_json PASSED [ 52%]
tests/test_persistence.py::TestAddNewPositionsFromSignalsEdgeCases::test_add_positions_fallback_rule_stack PASSED [ 52%]
tests/test_persistence.py::TestMigrateStrategiesTableV2EdgeCases::test_migrate_v2_with_data_and_pragma_check PASSED [ 53%]
tests/test_persistence.py::TestMigrateStrategiesTableV2EdgeCases::test_migrate_v2_error_handling PASSED [ 53%]
tests/test_persistence.py::TestAdditionalPersistenceFunctions::test_close_positions_transaction_rollback PASSED [ 53%]
tests/test_persistence.py::TestAdditionalPersistenceFunctions::test_add_positions_transaction_rollback PASSED [ 53%]
tests/test_reporter_advanced.py::TestIdentifyNewSignalsEdgeCases::test_identify_signals_data_load_failure_or_empty PASSED [ 53%]
tests/test_reporter_advanced.py::TestIdentifyNewSignalsEdgeCases::test_identify_signals_json_decode_error PASSED [ 54%]
tests/test_reporter_advanced.py::TestIdentifyNewSignalsEdgeCases::test_identify_signals_rule_stack_not_list PASSED [ 54%]
tests/test_reporter_advanced.py::TestIdentifyNewSignalsEdgeCases::test_identify_signals_empty_rule_stack_list PASSED [ 54%]
tests/test_reporter_advanced.py::TestIdentifyNewSignalsEdgeCases::test_identify_signals_rule_def_not_dict PASSED [ 54%]
tests/test_reporter_advanced.py::TestIdentifyNewSignalsEdgeCases::test_identify_signals_unexpected_error_in_processing PASSED [ 54%]
tests/test_reporter_advanced.py::TestReportFormatting::test_format_new_buys_table_empty PASSED [ 55%]
tests/test_reporter_advanced.py::TestReportFormatting::test_format_open_positions_table_empty PASSED [ 55%]
tests/test_reporter_advanced.py::TestReportFormatting::test_format_sell_positions_table_empty PASSED [ 55%]
tests/test_reporter_advanced.py::TestReportFormatting::test_format_open_positions_table_with_na PASSED [ 55%]
tests/test_reporter_advanced.py::TestGenerateDailyReport::test_generate_report_with_positions PASSED [ 56%]
tests/test_reporter_advanced.py::TestGenerateDailyReport::test_generate_report_file_write_error PASSED [ 56%]
tests/test_reporter_advanced.py::TestGenerateDailyReport::test_generate_report_generic_exception PASSED [ 56%]
tests/test_reporter_advanced.py::TestGenerateDailyReport::test_generate_report_error_processing_position PASSED [ 56%]
tests/test_reporter_advanced.py::TestStrategyPerformanceAnalysis::test_analyze_strategy_performance_basic PASSED [ 56%]
tests/test_reporter_advanced.py::TestStrategyPerformanceAnalysis::test_format_strategy_analysis_as_csv PASSED [ 57%]
tests/test_reporter_advanced.py::TestStrategyPerformanceAnalysis::test_format_strategy_analysis_as_csv_empty PASSED [ 57%]
tests/test_reporter_core.py::TestFetchBestStrategies::test_fetch_strategies_success PASSED [ 57%]
tests/test_reporter_core.py::TestFetchBestStrategies::test_fetch_strategies_threshold_filtering PASSED [ 57%]
tests/test_reporter_core.py::TestFetchBestStrategies::test_fetch_strategies_no_results PASSED [ 58%]
tests/test_reporter_core.py::TestFetchBestStrategies::test_fetch_strategies_database_error PASSED [ 58%]
tests/test_reporter_core.py::TestFetchBestStrategies::test_fetch_strategies_generic_exception PASSED [ 58%]
tests/test_reporter_core.py::TestReportFormatting::test_format_new_buys_table_empty PASSED [ 58%]
tests/test_reporter_core.py::TestReportFormatting::test_format_open_positions_table_empty PASSED [ 58%]
tests/test_reporter_core.py::TestReportFormatting::test_format_sell_positions_table_empty PASSED [ 59%]
tests/test_reporter_core.py::TestReportFormatting::test_format_open_positions_table_with_na PASSED [ 59%]
tests/test_reporter_core.py::TestFindSignalsInWindow::test_single_rule_with_signal PASSED [ 59%]
tests/test_reporter_core.py::TestFindSignalsInWindow::test_multiple_rules_and_logic PASSED [ 59%]
tests/test_reporter_core.py::TestFindSignalsInWindow::test_no_signals_produced PASSED [ 59%]
tests/test_reporter_core.py::TestFindSignalsInWindow::test_empty_data_or_rules PASSED [ 60%]
tests/test_reporter_core.py::TestIdentifyNewSignalsWithWindow::test_finds_signal_within_hold_period PASSED [ 60%]
tests/test_reporter_core.py::TestIdentifyNewSignalsWithWindow::test_ignores_signal_outside_hold_period PASSED [ 60%]
tests/test_reporter_core.py::TestIdentifyNewSignalsWithWindow::test_finds_multiple_recent_signals PASSED [ 60%]
tests/test_reporter_core.py::TestCheckExitConditions::test_stop_loss_triggered PASSED [ 61%]
tests/test_reporter_core.py::TestCheckExitConditions::test_take_profit_triggered PASSED [ 61%]
tests/test_reporter_core.py::TestCheckExitConditions::test_indicator_exit_triggered PASSED [ 61%]
tests/test_reporter_core.py::TestCheckExitConditions::test_indicator_exit_rule_error PASSED [ 61%]
tests/test_reporter_core.py::TestCheckExitConditions::test_time_based_exit_triggered PASSED [ 61%]
tests/test_reporter_core.py::TestCheckExitConditions::test_no_exit_condition_met PASSED [ 62%]
tests/test_reporter_core.py::TestCheckExitConditions::test_exit_priority_sl_over_tp PASSED [ 62%]
tests/test_reporter_core.py::TestCheckExitConditions::test_exit_priority_indicator_over_time PASSED [ 62%]
tests/test_reporter_coverage.py::TestDatabaseErrorHandling::test_fetch_best_strategies_connection_error PASSED [ 62%]
tests/test_reporter_coverage.py::TestDatabaseErrorHandling::test_fetch_best_strategies_sql_error PASSED [ 62%]
tests/test_reporter_coverage.py::TestDatabaseErrorHandling::test_analyze_strategy_performance_db_error PASSED [ 63%]
tests/test_reporter_coverage.py::TestDatabaseErrorHandling::test_analyze_strategy_performance_aggregated_db_error PASSED [ 63%]
tests/test_reporter_coverage.py::TestJsonParsingErrors::test_identify_new_signals_json_decode_error PASSED [ 63%]
tests/test_reporter_coverage.py::TestJsonParsingErrors::test_analyze_strategy_performance_json_errors PASSED [ 63%]
tests/test_reporter_coverage.py::TestDataProcessingEdgeCases::test_find_signals_empty_rule_stack PASSED [ 64%]
tests/test_reporter_coverage.py::TestDataProcessingEdgeCases::test_find_signals_empty_dataframe PASSED [ 64%]
tests/test_reporter_coverage.py::TestDataProcessingEdgeCases::test_find_signals_rule_function_error PASSED [ 64%]
tests/test_reporter_coverage.py::TestDataProcessingEdgeCases::test_identify_new_signals_empty_price_data PASSED [ 64%]
tests/test_reporter_coverage.py::TestDataProcessingEdgeCases::test_identify_new_signals_non_list_rule_stack PASSED [ 64%]
tests/test_reporter_coverage.py::TestFileIOErrors::test_generate_daily_report_file_write_error PASSED [ 65%]
tests/test_reporter_coverage.py::TestFileIOErrors::test_generate_daily_report_directory_creation_error PASSED [ 65%]
tests/test_reporter_coverage.py::TestConfigurationEdgeCases::test_identify_new_signals_no_hold_period PASSED [ 65%]
tests/test_reporter_coverage.py::TestConfigurationEdgeCases::test_process_open_positions_nifty_data_error PASSED [ 65%]
tests/test_reporter_coverage.py::TestExitConditionEdgeCases::test_check_exit_conditions_rule_function_not_found PASSED [ 66%]
tests/test_reporter_coverage.py::TestExitConditionEdgeCases::test_check_exit_conditions_rule_execution_error PASSED [ 66%]
tests/test_reporter_coverage.py::TestExitConditionEdgeCases::test_check_exit_conditions_dict_vs_object_params PASSED [ 66%]
tests/test_reporter_coverage.py::TestCSVFormattingEdgeCases::test_format_strategy_analysis_csv_empty_data PASSED [ 66%]
tests/test_reporter_coverage.py::TestCSVFormattingEdgeCases::test_format_strategy_analysis_csv_none_values PASSED [ 66%]
tests/test_reporter_coverage.py::TestCSVFormattingEdgeCases::test_format_strategy_analysis_csv_special_characters PASSED [ 67%]
tests/test_reporter_coverage.py::TestPositionProcessingEdgeCases::test_process_open_positions_zero_entry_price PASSED [ 67%]
tests/test_reporter_coverage.py::TestPositionProcessingEdgeCases::test_process_open_positions_stale_data_logging PASSED [ 67%]
tests/test_reporter_coverage.py::TestPositionProcessingEdgeCases::test_process_open_positions_exception_handling PASSED [ 67%]
tests/test_reporter_coverage.py::TestAnalysisFunctionEdgeCases::test_analyze_strategy_performance_aggregated_empty_records PASSED [ 67%]
tests/test_reporter_coverage.py::TestAnalysisFunctionEdgeCases::test_analyze_strategy_performance_aggregated_config_parsing_error PASSED [ 68%]
tests/test_reporter_coverage.py::TestAdditionalCoverageTargets::test_fetch_best_strategies_no_strategies_above_threshold PASSED [ 68%]
tests/test_reporter_coverage.py::TestAdditionalCoverageTargets::test_fetch_best_strategies_unexpected_error PASSED [ 68%]
tests/test_reporter_coverage.py::TestAdditionalCoverageTargets::test_identify_new_signals_no_strategies_found PASSED [ 68%]
tests/test_reporter_coverage.py::TestAdditionalCoverageTargets::test_identify_new_signals_strategy_processing_exception PASSED [ 69%]
tests/test_reporter_coverage.py::TestAdditionalCoverageTargets::test_generate_daily_report_comprehensive_flow PASSED [ 69%]
tests/test_reporter_coverage.py::TestAdditionalCoverageTargets::test_check_exit_conditions_stop_loss_trigger PASSED [ 69%]
tests/test_reporter_coverage.py::TestAdditionalCoverageTargets::test_process_open_positions_successful_processing PASSED [ 69%]
tests/test_reporter_data_issues.py::TestRuleDefAttributeError::test_check_exit_conditions_with_ruledef_objects PASSED [ 69%]
tests/test_reporter_data_issues.py::TestRuleDefAttributeError::test_check_exit_conditions_with_dict_objects PASSED [ 70%]
tests/test_reporter_data_issues.py::TestRuleDefAttributeError::test_check_exit_conditions_mixed_types PASSED [ 70%]
tests/test_reporter_data_issues.py::TestStaleDataHandling::test_check_exit_conditions_handles_stale_data_gracefully PASSED [ 70%]
tests/test_reporter_data_issues.py::TestStaleDataHandling::test_format_open_positions_with_stale_data_info PASSED [ 70%]
tests/test_reporter_data_issues.py::TestDataAvailabilityEdgeCases::test_check_exit_conditions_with_complex_ruledef_params PASSED [ 70%]
tests/test_reporter_data_issues.py::TestDataAvailabilityEdgeCases::test_format_positions_with_missing_data_fields PASSED [ 71%]
tests/test_reporter_data_issues.py::TestDataAvailabilityEdgeCases::test_malformed_rule_stack_resilience PASSED [ 71%]
tests/test_reporter_data_issues.py::TestPriceCalculationAccuracy::test_return_percentage_calculation PASSED [ 71%]
tests/test_reporter_data_issues.py::TestPriceCalculationAccuracy::test_negative_return_calculation PASSED [ 71%]
tests/test_reporter_data_issues.py::TestPriceCalculationAccuracy::test_zero_entry_price_handling PASSED [ 72%]
tests/test_reporter_data_issues.py::TestFreezeDatePositionProcessingFix::test_process_open_positions_ignores_freeze_date_for_live_positions PASSED [ 72%]
tests/test_reporter_data_issues.py::TestFreezeDatePositionProcessingFix::test_process_open_positions_handles_freeze_date_data_filtering_correctly PASSED [ 72%]
tests/test_reporter_data_issues.py::TestFreezeDatePositionProcessingFix::test_multiple_positions_all_use_freeze_date_none PASSED [ 72%]
tests/test_reporter_data_issues.py::TestFreezeDatePositionProcessingFix::test_freeze_date_none_fix_allows_current_data_access PASSED [ 72%]
tests/test_reporter_index_symbol_bug.py::TestIndexSymbolParameterFiltering::test_find_signals_filters_index_symbol_parameter PASSED [ 73%]
tests/test_reporter_index_symbol_bug.py::TestIndexSymbolParameterFiltering::test_find_signals_preserves_valid_parameters PASSED [ 73%]
tests/test_reporter_index_symbol_bug.py::TestIndexSymbolParameterFiltering::test_find_signals_handles_multiple_rules_with_index_symbol PASSED [ 73%]
tests/test_reporter_index_symbol_bug.py::TestIndexSymbolParameterFiltering::test_find_signals_error_handling_with_invalid_function PASSED [ 73%]
tests/test_rule_funcs.py::TestSMACrossover::test_valid_crossover_signal PASSED [ 74%]
tests/test_rule_funcs.py::TestSMACrossover::test_insufficient_data PASSED [ 74%]
tests/test_rule_funcs.py::TestSMACrossover::test_invalid_periods PASSED  [ 74%]
tests/test_rule_funcs.py::TestCalculateRSI::test_rsi_calculation PASSED  [ 74%]
tests/test_rule_funcs.py::TestCalculateRSI::test_rsi_insufficient_data PASSED [ 74%]
tests/test_rule_funcs.py::TestRSIOversold::test_oversold_signal_generation PASSED [ 75%]
tests/test_rule_funcs.py::TestRSIOversold::test_insufficient_data_rsi PASSED [ 75%]
tests/test_rule_funcs.py::TestEMACrossover::test_ema_crossover_signal PASSED [ 75%]
tests/test_rule_funcs.py::TestEdgeCases::test_empty_dataframe PASSED     [ 75%]
tests/test_rule_funcs.py::TestEdgeCases::test_single_price_data PASSED   [ 75%]
tests/test_rule_funcs.py::TestEdgeCases::test_nan_price_data PASSED      [ 76%]
tests/test_rule_funcs.py::TestIntegration::test_all_rules_with_real_data PASSED [ 76%]
tests/test_rule_funcs.py::TestVolumeSpike::test_volume_spike_detection PASSED [ 76%]
tests/test_rule_funcs.py::TestVolumeSpike::test_volume_spike_insufficient_data PASSED [ 76%]
tests/test_rule_funcs.py::TestVolumeSpike::test_volume_spike_invalid_params PASSED [ 77%]
tests/test_rule_funcs.py::TestVolumeSpike::test_volume_spike_missing_columns PASSED [ 77%]
tests/test_rule_funcs.py::TestHammerPattern::test_hammer_pattern_detection PASSED [ 77%]
tests/test_rule_funcs.py::TestHammerPattern::test_hammer_pattern_empty_data PASSED [ 77%]
tests/test_rule_funcs.py::TestHammerPattern::test_hammer_pattern_invalid_params PASSED [ 77%]
tests/test_rule_funcs.py::TestHammerPattern::test_hammer_pattern_missing_columns PASSED [ 78%]
tests/test_rule_funcs.py::TestEngulfingPattern::test_engulfing_pattern_detection PASSED [ 78%]
tests/test_rule_funcs.py::TestEngulfingPattern::test_engulfing_pattern_insufficient_data PASSED [ 78%]
tests/test_rule_funcs.py::TestEngulfingPattern::test_engulfing_pattern_invalid_params PASSED [ 78%]
tests/test_rule_funcs.py::TestEngulfingPattern::test_engulfing_pattern_missing_columns PASSED [ 79%]
tests/test_rule_funcs.py::TestMACDCrossover::test_macd_crossover_signal PASSED [ 79%]
tests/test_rule_funcs.py::TestMACDCrossover::test_macd_crossover_insufficient_data PASSED [ 79%]
tests/test_rule_funcs.py::TestMACDCrossover::test_macd_crossover_invalid_params PASSED [ 79%]
tests/test_rule_funcs.py::TestMACDCrossover::test_macd_crossover_missing_columns PASSED [ 79%]
tests/test_rule_funcs.py::TestBollingerSqueeze::test_bollinger_squeeze_signal PASSED [ 80%]
tests/test_rule_funcs.py::TestBollingerSqueeze::test_bollinger_squeeze_insufficient_data PASSED [ 80%]
tests/test_rule_funcs.py::TestBollingerSqueeze::test_bollinger_squeeze_invalid_params PASSED [ 80%]
tests/test_rule_funcs.py::TestBollingerSqueeze::test_bollinger_squeeze_missing_columns PASSED [ 80%]
tests/test_rule_funcs.py::TestNewRulesIntegration::test_all_new_rules_with_sample_data PASSED [ 80%]
tests/test_rule_funcs.py::test_sma_cross_under_basic PASSED              [ 81%]
tests/test_rule_funcs.py::test_sma_cross_under_parameter_validation PASSED [ 81%]
tests/test_rule_funcs.py::test_stop_loss_pct_validation PASSED           [ 81%]
tests/test_rule_funcs.py::test_take_profit_pct_validation PASSED         [ 81%]
tests/test_rule_funcs.py::test_sma_cross_under_insufficient_data PASSED  [ 82%]
tests/test_rule_funcs.py::test_calculate_atr_basic PASSED                [ 82%]
tests/test_rule_funcs.py::test_calculate_atr_mathematical_accuracy PASSED [ 82%]
tests/test_rule_funcs.py::test_calculate_atr_insufficient_data PASSED    [ 82%]
tests/test_rule_funcs.py::test_calculate_atr_missing_columns PASSED      [ 82%]
tests/test_rule_funcs.py::test_calculate_atr_invalid_period PASSED       [ 83%]
tests/test_rule_funcs.py::test_stop_loss_atr_basic PASSED                [ 83%]
tests/test_rule_funcs.py::test_stop_loss_atr_not_triggered PASSED        [ 83%]
tests/test_rule_funcs.py::test_stop_loss_atr_invalid_params PASSED       [ 83%]
tests/test_rule_funcs.py::test_stop_loss_atr_insufficient_data PASSED    [ 83%]
tests/test_rule_funcs.py::TestMarketAboveSMA::test_bullish_market_detection PASSED [ 84%]
tests/test_rule_funcs.py::TestMarketAboveSMA::test_bearish_market_detection PASSED [ 84%]
tests/test_rule_funcs.py::TestMarketAboveSMA::test_mixed_market_conditions PASSED [ 84%]
tests/test_rule_funcs.py::TestMarketAboveSMA::test_different_sma_periods PASSED [ 84%]
tests/test_rule_funcs.py::TestMarketAboveSMA::test_insufficient_data_handling PASSED [ 85%]
tests/test_rule_funcs.py::TestMarketAboveSMA::test_parameter_validation PASSED [ 85%]
tests/test_rule_funcs.py::TestMarketAboveSMA::test_missing_required_columns PASSED [ 85%]
tests/test_rule_funcs.py::TestMarketAboveSMA::test_empty_dataframe_handling PASSED [ 85%]
tests/test_rule_funcs.py::TestMarketAboveSMA::test_nan_values_handling PASSED [ 85%]
tests/test_rule_funcs.py::TestMarketAboveSMA::test_crossover_scenarios PASSED [ 86%]
tests/test_rule_funcs.py::TestMarketAboveSMA::test_edge_case_single_data_point PASSED [ 86%]
tests/test_rule_funcs.py::TestMarketAboveSMA::test_mathematical_accuracy PASSED [ 86%]
tests/test_rule_funcs.py::TestMarketAboveSMA::test_performance_with_large_dataset PASSED [ 86%]
tests/test_rule_funcs.py::test_take_profit_atr_basic PASSED              [ 87%]
tests/test_rule_funcs.py::test_take_profit_atr_not_triggered PASSED      [ 87%]
tests/test_rule_funcs.py::test_take_profit_atr_invalid_params PASSED     [ 87%]
tests/test_rule_funcs.py::test_take_profit_atr_insufficient_data PASSED  [ 87%]
tests/test_rule_funcs.py::test_atr_functions_empty_data PASSED           [ 87%]
tests/test_rule_funcs.py::test_atr_consistency_across_functions PASSED   [ 88%]
tests/test_rule_funcs.py::test_price_above_long_sma_basic PASSED         [ 88%]
tests/test_rule_funcs.py::test_price_above_long_sma_insufficient_data PASSED [ 88%]
tests/test_rule_funcs.py::test_price_above_long_sma_invalid_parameters PASSED [ 88%]
tests/test_rule_funcs.py::test_price_above_long_sma_missing_columns PASSED [ 88%]
tests/test_rule_funcs.py::test_is_volatile_basic PASSED                  [ 89%]
tests/test_rule_funcs.py::test_is_volatile_insufficient_data PASSED      [ 89%]
tests/test_rule_funcs.py::test_is_volatile_invalid_parameters PASSED     [ 89%]
tests/test_rule_funcs.py::test_is_volatile_missing_columns PASSED        [ 89%]
tests/test_rule_funcs.py::test_is_volatile_mathematical_accuracy PASSED  [ 90%]
tests/test_rule_funcs.py::test_is_volatile_zero_volatility PASSED        [ 90%]
tests/test_story_020_deduplication.py::TestStory020Deduplication::test_deduplication_removes_duplicates PASSED [ 90%]
tests/test_story_020_deduplication.py::TestStory020Deduplication::test_deduplication_keeps_latest_record PASSED [ 90%]
tests/test_story_020_deduplication.py::TestStory020Deduplication::test_deduplication_preserves_unique_records PASSED [ 90%]
tests/test_story_020_deduplication.py::TestStory020Deduplication::test_deduplication_different_strategies_same_symbol PASSED [ 91%]
tests/test_story_020_deduplication.py::TestStory020Deduplication::test_story_020_acceptance_criteria PASSED [ 91%]
tests/test_timestamp_comparison_fix.py::TestTimestampComparisonFix::test_get_price_data_with_string_index PASSED [ 91%]
tests/test_timestamp_comparison_fix.py::TestTimestampComparisonFix::test_get_price_data_with_numeric_index PASSED [ 91%]
tests/test_timestamp_comparison_fix.py::TestTimestampComparisonFix::test_load_symbol_cache_converts_index_to_datetime PASSED [ 91%]
tests/test_timestamp_comparison_fix.py::TestTimestampComparisonFix::test_load_symbol_cache_handles_invalid_dates PASSED [ 92%]
tests/test_timestamp_comparison_fix.py::TestTimestampComparisonFix::test_load_symbol_cache_empty_after_cleanup_raises_error PASSED [ 92%]
tests/test_timestamp_comparison_fix.py::TestTimestampComparisonFix::test_get_price_data_with_freeze_date_index_conversion PASSED [ 92%]
tests/test_timestamp_comparison_fix.py::TestTimestampComparisonFix::test_get_price_data_handles_non_datetime_index PASSED [ 92%]
tests/test_timestamp_comparison_fix.py::TestTimestampComparisonFix::test_get_price_data_all_filtering_with_index_conversion PASSED [ 93%]
tests/test_timestamp_comparison_fix.py::TestTimestampComparisonFix::test_regression_nifty_data_comparison_error PASSED [ 93%]
tests/test_yfinance_adapter.py::TestFetchSymbolData::test_successful_fetch_basic PASSED [ 93%]
tests/test_yfinance_adapter.py::TestFetchSymbolData::test_successful_fetch_with_freeze_date PASSED [ 93%]
tests/test_yfinance_adapter.py::TestFetchSymbolData::test_multiindex_columns_handling PASSED [ 93%]
tests/test_yfinance_adapter.py::TestFetchSymbolData::test_tuple_columns_handling PASSED [ 94%]
tests/test_yfinance_adapter.py::TestFetchSymbolData::test_empty_dataframe_first_attempt_success_second PASSED [ 94%]
tests/test_yfinance_adapter.py::TestFetchSymbolData::test_empty_dataframe_all_attempts PASSED [ 94%]
tests/test_yfinance_adapter.py::TestFetchSymbolData::test_missing_required_columns PASSED [ 94%]
tests/test_yfinance_adapter.py::TestFetchSymbolData::test_yftzmissingerror_retry_then_success PASSED [ 95%]
tests/test_yfinance_adapter.py::TestFetchSymbolData::test_yftzmissingerror_all_attempts_fail PASSED [ 95%]
tests/test_yfinance_adapter.py::TestFetchSymbolData::test_timeout_error_retry_logic PASSED [ 95%]
tests/test_yfinance_adapter.py::TestFetchSymbolData::test_connection_error_retry_logic PASSED [ 95%]
tests/test_yfinance_adapter.py::TestFetchSymbolData::test_404_error_no_retry PASSED [ 95%]
tests/test_yfinance_adapter.py::TestFetchSymbolData::test_delisted_error_no_retry PASSED [ 96%]
tests/test_yfinance_adapter.py::TestFetchSymbolData::test_generic_error_no_retry PASSED [ 96%]
tests/test_yfinance_adapter.py::TestFetchSymbolData::test_data_type_conversion PASSED [ 96%]
tests/test_yfinance_adapter.py::TestFetchSymbolData::test_invalid_numeric_data_handling PASSED [ 96%]
tests/test_yfinance_adapter.py::TestFetchSymbolData::test_exponential_backoff_delays PASSED [ 96%]
tests/test_yfinance_adapter.py::TestFetchSymbolData::test_max_retries_reached PASSED [ 97%]
tests/test_yfinance_adapter.py::TestFetchSymbolData::test_different_years_parameter PASSED [ 97%]
tests/test_yfinance_adapter.py::TestFetchSymbolData::test_progress_parameter_disabled PASSED [ 97%]
tests/test_yfinance_adapter.py::TestFetchSymbolData::test_auto_adjust_parameter PASSED [ 97%]
tests/test_yfinance_adapter.py::TestFetchSymbolData::test_logger_import_and_usage PASSED [ 98%]
tests/test_yfinance_adapter.py::TestFetchSymbolData::test_time_import_and_usage PASSED [ 98%]
tests/test_yfinance_adapter.py::TestFetchSymbolData::test_column_standardization_edge_cases PASSED [ 98%]
tests/test_yfinance_adapter.py::TestFetchSymbolData::test_return_none_final_attempt PASSED [ 98%]
tests/test_yfinance_adapter.py::TestFetchSymbolData::test_function_signature_and_defaults PASSED [ 98%]
tests/test_yfinance_adapter.py::TestFetchSymbolData::test_coverage_all_error_classification_branches PASSED [ 99%]
tests/test_yfinance_adapter.py::TestFetchSymbolData::test_final_return_none_path PASSED [ 99%]
tests/test_yfinance_adapter.py::TestFetchSymbolData::test_unreachable_return_none_coverage PASSED [ 99%]
tests/test_yfinance_adapter.py::TestFetchSymbolData::test_theoretical_unreachable_path PASSED [ 99%]
tests/test_yfinance_adapter.py::TestFetchSymbolData::test_coverage_summary PASSED [100%]

============================== warnings summary ===============================
tests/test_timestamp_comparison_fix.py::TestTimestampComparisonFix::test_load_symbol_cache_empty_after_cleanup_raises_error
  D:\Code\stock_rule_based\src\kiss_signal\data.py:287: UserWarning: Could not infer format, so each element will be parsed individually, falling back to `dateutil`. To ensure parsing is consistent and as-expected, please specify a format.
    df['date'] = pd.to_datetime(df['date'], errors='coerce')

-- Docs: https://docs.pytest.org/en/stable/how-to/capture-warnings.html
=============================== tests coverage ================================
______________ coverage: platform win32, python 3.12.10-final-0 _______________

Name                                   Stmts   Miss Branch BrPart  Cover
------------------------------------------------------------------------
src\kiss_signal\__init__.py                5      0      0      0   100%
src\kiss_signal\adapters\__init__.py       1      0      0      0   100%
src\kiss_signal\adapters\yfinance.py      55      0     20      0   100%
src\kiss_signal\backtester.py            258     44    104      8    82%
src\kiss_signal\cli.py                   257     11     56      5    94%
src\kiss_signal\config.py                 89      3     18      3    94%
src\kiss_signal\data.py                  201     21     78      7    90%
src\kiss_signal\performance.py            41      0      4      0   100%
src\kiss_signal\persistence.py           233     37     40      5    82%
src\kiss_signal\reporter.py              343     12    106      5    96%
src\kiss_signal\rules.py                 309     20    108      4    94%
------------------------------------------------------------------------
TOTAL                                   1792    148    534     37    91%
================== 462 passed, 1 warning in 60.32s (0:01:00) ==================
