============================= test session starts =============================
platform win32 -- Python 3.12.10, pytest-8.4.0, pluggy-1.6.0 -- D:\Code\stock_rule_based\venv\Scripts\python.exe
cachedir: .pytest_cache
rootdir: D:\Code\stock_rule_based
configfile: pyproject.toml
plugins: cov-6.2.1
collecting ... collected 166 items

tests/test_backtester.py::TestBacktester::test_init_default_parameters PASSED [  0%]
tests/test_backtester.py::TestBacktester::test_init_custom_parameters PASSED [  1%]
tests/test_backtester.py::TestBacktester::test_calc_edge_score_basic PASSED [  1%]
tests/test_backtester.py::TestBacktester::test_calc_edge_score_zero_values PASSED [  2%]
tests/test_backtester.py::TestBacktester::test_generate_signals_empty_rule_stack PASSED [  3%]
tests/test_backtester.py::TestBacktester::test_generate_signals_sma_crossover PASSED [  3%]
tests/test_backtester.py::TestBacktester::test_generate_signals_invalid_rule PASSED [  4%]
tests/test_backtester.py::TestBacktester::test_generate_signals_missing_parameters PASSED [  4%]
tests/test_backtester.py::TestBacktester::test_find_optimal_strategies_no_trades PASSED [  5%]
tests/test_backtester.py::TestBacktesterIntegration::test_find_optimal_strategies_basic_flow PASSED [  6%]
tests/test_backtester.py::TestBacktesterFixtures::test_sample_backtest_data_fixture PASSED [  6%]
tests/test_cli_advanced.py::test_run_command_with_persistence PASSED     [  7%]
tests/test_cli_advanced.py::test_run_command_persistence_failure_handling PASSED [  7%]
tests/test_cli_advanced.py::test_run_command_backtest_value_error PASSED [  8%]
tests/test_cli_advanced.py::test_run_command_file_not_found_in_backtest PASSED [  9%]
tests/test_cli_advanced.py::test_run_command_backtest_generic_exception_verbose PASSED [  9%]
tests/test_cli_advanced.py::test_run_command_log_save_failure PASSED     [ 10%]
tests/test_cli_advanced.py::test_analyze_rules_command PASSED            [ 10%]
tests/test_cli_basic.py::test_cli_import PASSED                          [ 11%]
tests/test_cli_basic.py::test_run_command_help PASSED                    [ 12%]
tests/test_cli_basic.py::test_display_results_empty PASSED               [ 12%]
tests/test_cli_basic.py::test_run_command_basic PASSED                   [ 13%]
tests/test_cli_basic.py::test_run_command_verbose PASSED                 [ 13%]
tests/test_cli_basic.py::test_run_command_freeze_date PASSED             [ 14%]
tests/test_cli_basic.py::test_run_command_success PASSED                 [ 15%]
tests/test_cli_basic.py::test_run_command_invalid_freeze_date PASSED     [ 15%]
tests/test_cli_basic.py::test_run_command_no_config PASSED               [ 16%]
tests/test_cli_basic.py::test_run_command_missing_rules PASSED           [ 16%]
tests/test_config.py::test_config_model_valid PASSED                     [ 17%]
tests/test_config.py::test_config_model_invalid_weights PASSED           [ 18%]
tests/test_config.py::test_load_config_missing_file PASSED               [ 18%]
tests/test_config.py::test_load_rules_invalid_structure_pydantic[layers: []-Field required] PASSED [ 19%]
tests/test_config.py::test_load_rules_invalid_structure_pydantic[baseline: 123-Input should be a valid dictionary] PASSED [ 19%]
tests/test_config.py::test_load_rules_invalid_structure_pydantic[baseline: {}\nlayers: {}-Field required] PASSED [ 20%]
tests/test_config.py::test_load_rules_invalid_structure_pydantic[baseline: {name: a, type: b, params: {}}\nlayers: {}-Input should be a valid list] PASSED [ 21%]
tests/test_data_advanced.py::TestDataAdvancedFunctions::test_get_price_data_missing_cache PASSED [ 21%]
tests/test_data_advanced.py::TestDataAdvancedFunctions::test_refresh_market_data_freeze_mode PASSED [ 22%]
tests/test_data_advanced.py::TestDataAdvancedFunctions::test_refresh_market_data_success PASSED [ 22%]
tests/test_data_advanced.py::TestDataAdvancedFunctions::test_fetch_symbol_data_multiindex_columns PASSED [ 23%]
tests/test_data_advanced.py::TestDataAdvancedFunctions::test_fetch_symbol_data_tuple_columns PASSED [ 24%]
tests/test_data_advanced.py::TestDataAdvancedFunctions::test_refresh_market_data_fetch_failure PASSED [ 24%]
tests/test_data_advanced.py::TestDataAdvancedFunctions::test_refresh_market_data_validation_failure PASSED [ 25%]
tests/test_data_advanced.py::TestDataAdvancedFunctions::test_get_price_data_fetch_fails PASSED [ 25%]
tests/test_data_advanced.py::TestDataAdvancedFunctions::test_fetch_symbol_data_empty_df PASSED [ 26%]
tests/test_data_advanced.py::TestDataAdvancedFunctions::test_fetch_symbol_data_missing_columns PASSED [ 27%]
tests/test_data_advanced.py::TestDataAdvancedFunctions::test_fetch_symbol_data_api_exception PASSED [ 27%]
tests/test_data_advanced.py::TestDataAdvancedFunctions::test_fetch_and_store_data_fetch_fails PASSED [ 28%]
tests/test_data_advanced.py::TestDataAdvancedFunctions::test_fetch_and_store_data_validation_fails PASSED [ 28%]
tests/test_data_advanced.py::TestDataAdvancedFunctions::test_fetch_and_store_data_save_fails PASSED [ 29%]
tests/test_data_advanced.py::TestDataAdvancedFunctions::test_refresh_market_data_with_list PASSED [ 30%]
tests/test_data_basic.py::TestDataBasicFunctions::test_load_universe PASSED [ 30%]
tests/test_data_basic.py::TestDataBasicFunctions::test_load_universe_missing_file PASSED [ 31%]
tests/test_data_basic.py::TestDataBasicFunctions::test_load_universe_malformed PASSED [ 31%]
tests/test_data_basic.py::TestDataBasicFunctions::test_add_ns_suffix PASSED [ 32%]
tests/test_data_basic.py::TestDataBasicFunctions::test_needs_refresh_missing_file PASSED [ 33%]
tests/test_data_basic.py::TestDataBasicFunctions::test_needs_refresh_fresh_file PASSED [ 33%]
tests/test_data_basic.py::TestDataBasicFunctions::test_needs_refresh_stale_file PASSED [ 34%]
tests/test_data_basic.py::TestDataBasicFunctions::test_validate_data_quality_good_data PASSED [ 34%]
tests/test_data_basic.py::TestDataBasicFunctions::test_validate_data_quality_negative_prices PASSED [ 35%]
tests/test_data_basic.py::TestDataBasicFunctions::test_validate_data_quality_zero_volume PASSED [ 36%]
tests/test_data_basic.py::TestDataBasicFunctions::test_validate_data_quality_empty_df PASSED [ 36%]
tests/test_data_basic.py::TestDataBasicFunctions::test_validate_data_quality_large_gap PASSED [ 37%]
tests/test_data_basic.py::TestDataBasicFunctions::test_save_and_load_symbol_cache PASSED [ 37%]
tests/test_data_basic.py::TestDataBasicFunctions::test_save_symbol_cache_exception PASSED [ 38%]
tests/test_data_basic.py::TestDataBasicFunctions::test_load_symbol_cache_with_unnamed_col PASSED [ 39%]
tests/test_data_basic.py::TestDataBasicFunctions::test_load_symbol_cache_with_date_as_first_col PASSED [ 39%]
tests/test_data_basic.py::TestDataBasicFunctions::test_get_price_data_with_date_filtering PASSED [ 40%]
tests/test_data_basic.py::TestDataBasicFunctions::test_get_price_data_with_start_and_end_date PASSED [ 40%]
tests/test_data_basic.py::TestDataBasicFunctions::test_get_price_data_with_freeze_date PASSED [ 41%]
tests/test_data_basic.py::TestDataBasicFunctions::test_get_price_data_freeze_mode_no_cache PASSED [ 42%]
tests/test_data_basic.py::TestDataBasicFunctions::test_get_price_data_no_data_in_range PASSED [ 42%]
tests/test_data_basic.py::TestDataBasicFunctions::test_get_price_data_limited_data_warning PASSED [ 43%]
tests/test_data_basic.py::TestDataBasicFunctions::test_needs_refresh_os_error PASSED [ 43%]
tests/test_integration_backtester.py::TestBacktesterRuleIntegration::test_rule_function_lookup PASSED [ 44%]
tests/test_integration_backtester.py::TestBacktesterRuleIntegration::test_rule_parameter_validation PASSED [ 45%]
tests/test_integration_backtester.py::TestBacktesterRuleIntegration::test_backtester_with_real_rules PASSED [ 45%]
tests/test_integration_cli.py::TestCLIIntegration::test_config_loading_integration PASSED [ 46%]
tests/test_integration_cli.py::TestCLIIntegration::test_data_loading_integration PASSED [ 46%]
tests/test_integration_cli.py::TestCLIIntegration::test_end_to_end_cli_workflow PASSED [ 47%]
tests/test_integration_cli.py::TestCLIIntegration::test_error_handling_integration PASSED [ 48%]
tests/test_performance.py::test_performance_monitor_context_manager PASSED [ 48%]
tests/test_performance.py::test_performance_monitor_decorator PASSED     [ 49%]
tests/test_performance.py::test_get_summary PASSED                       [ 50%]
tests/test_performance.py::test_get_summary_empty PASSED                 [ 50%]
tests/test_performance.py::test_duration_warning PASSED                  [ 51%]
tests/test_performance.py::test_global_monitor_instance PASSED           [ 51%]
tests/test_performance.py::test_performance_benchmark_simulation PASSED  [ 52%]
tests/test_persistence.py::TestCreateDatabase::test_create_database_success PASSED [ 53%]
tests/test_persistence.py::TestCreateDatabase::test_create_database_idempotent PASSED [ 53%]
tests/test_persistence.py::TestSaveStrategiesBatch::test_save_strategies_batch_success PASSED [ 54%]
tests/test_persistence.py::TestSaveStrategiesBatch::test_save_strategies_batch_empty_list PASSED [ 54%]
tests/test_persistence.py::TestSaveStrategiesBatch::test_save_strategies_batch_transaction_rollback PASSED [ 55%]
tests/test_persistence.py::TestSaveStrategiesBatch::test_save_strategies_batch_invalid_rule_stack PASSED [ 56%]
tests/test_persistence.py::TestSaveStrategiesBatch::test_save_strategies_batch_database_not_exists PASSED [ 56%]
tests/test_persistence.py::TestAddPositions::test_add_new_position_skips_existing_open PASSED [ 57%]
tests/test_persistence.py::TestAddPositions::test_save_strategies_multiple_batches PASSED [ 57%]
tests/test_persistence.py::TestIntegration::test_create_and_save_workflow PASSED [ 58%]
tests/test_reporter_advanced.py::TestIdentifyNewSignalsEdgeCases::test_identify_signals_data_load_failure PASSED [ 59%]
tests/test_reporter_advanced.py::TestIdentifyNewSignalsEdgeCases::test_identify_signals_json_decode_error PASSED [ 59%]
tests/test_reporter_advanced.py::TestIdentifyNewSignalsEdgeCases::test_identify_signals_rule_stack_not_list PASSED [ 60%]
tests/test_reporter_advanced.py::TestIdentifyNewSignalsEdgeCases::test_identify_signals_empty_rule_stack_list PASSED [ 60%]
tests/test_reporter_advanced.py::TestIdentifyNewSignalsEdgeCases::test_identify_signals_rule_def_not_dict PASSED [ 61%]
tests/test_reporter_advanced.py::TestIdentifyNewSignalsEdgeCases::test_identify_signals_unexpected_error_in_processing PASSED [ 62%]
tests/test_reporter_advanced.py::TestReportFormatting::test_format_new_buys_table_empty PASSED [ 62%]
tests/test_reporter_advanced.py::TestReportFormatting::test_format_open_positions_table_empty PASSED [ 63%]
tests/test_reporter_advanced.py::TestReportFormatting::test_format_sell_positions_table_empty PASSED [ 63%]
tests/test_reporter_advanced.py::TestReportFormatting::test_format_open_positions_table_with_na PASSED [ 64%]
tests/test_reporter_advanced.py::TestGenerateDailyReport::test_generate_report_with_positions PASSED [ 65%]
tests/test_reporter_advanced.py::TestGenerateDailyReport::test_generate_report_file_write_error PASSED [ 65%]
tests/test_reporter_advanced.py::TestGenerateDailyReport::test_generate_report_generic_exception PASSED [ 66%]
tests/test_reporter_advanced.py::TestRulePerformanceAnalysis::test_analyze_rule_performance PASSED [ 66%]
tests/test_reporter_advanced.py::TestRulePerformanceAnalysis::test_format_rule_analysis_as_md PASSED [ 67%]
tests/test_reporter_core.py::TestFetchBestStrategies::test_fetch_strategies_success PASSED [ 68%]
tests/test_reporter_core.py::TestFetchBestStrategies::test_fetch_strategies_threshold_filtering PASSED [ 68%]
tests/test_reporter_core.py::TestFetchBestStrategies::test_fetch_strategies_no_results PASSED [ 69%]
tests/test_reporter_core.py::TestFetchBestStrategies::test_fetch_strategies_database_error PASSED [ 69%]
tests/test_reporter_core.py::TestFetchBestStrategies::test_fetch_strategies_generic_exception PASSED [ 70%]
tests/test_reporter_core.py::TestReportFormatting::test_format_new_buys_table_empty PASSED [ 71%]
tests/test_reporter_core.py::TestReportFormatting::test_format_open_positions_table_empty PASSED [ 71%]
tests/test_reporter_core.py::TestReportFormatting::test_format_sell_positions_table_empty PASSED [ 72%]
tests/test_reporter_core.py::TestReportFormatting::test_format_open_positions_table_with_na PASSED [ 72%]
tests/test_reporter_core.py::TestFindSignalsInWindow::test_single_rule_with_signal PASSED [ 73%]
tests/test_reporter_core.py::TestFindSignalsInWindow::test_multiple_rules_and_logic PASSED [ 74%]
tests/test_reporter_core.py::TestFindSignalsInWindow::test_no_signals_produced PASSED [ 74%]
tests/test_reporter_core.py::TestFindSignalsInWindow::test_empty_data_or_rules PASSED [ 75%]
tests/test_reporter_core.py::TestIdentifyNewSignalsWithWindow::test_finds_signal_within_hold_period PASSED [ 75%]
tests/test_reporter_core.py::TestIdentifyNewSignalsWithWindow::test_ignores_signal_outside_hold_period PASSED [ 76%]
tests/test_reporter_core.py::TestIdentifyNewSignalsWithWindow::test_finds_multiple_recent_signals PASSED [ 77%]
tests/test_reporter_fetching.py::TestFetchBestStrategies::test_fetch_strategies_success PASSED [ 77%]
tests/test_reporter_fetching.py::TestFetchBestStrategies::test_fetch_strategies_threshold_filtering PASSED [ 78%]
tests/test_reporter_fetching.py::TestFetchBestStrategies::test_fetch_strategies_no_results PASSED [ 78%]
tests/test_reporter_fetching.py::TestFetchBestStrategies::test_fetch_strategies_database_error PASSED [ 79%]
tests/test_reporter_fetching.py::TestFetchBestStrategies::test_fetch_strategies_generic_exception PASSED [ 80%]
tests/test_rule_funcs.py::TestSMACrossover::test_valid_crossover_signal PASSED [ 80%]
tests/test_rule_funcs.py::TestSMACrossover::test_insufficient_data PASSED [ 81%]
tests/test_rule_funcs.py::TestSMACrossover::test_invalid_periods PASSED  [ 81%]
tests/test_rule_funcs.py::TestCalculateRSI::test_rsi_calculation PASSED  [ 82%]
tests/test_rule_funcs.py::TestCalculateRSI::test_rsi_insufficient_data PASSED [ 83%]
tests/test_rule_funcs.py::TestRSIOversold::test_oversold_signal_generation PASSED [ 83%]
tests/test_rule_funcs.py::TestRSIOversold::test_insufficient_data_rsi PASSED [ 84%]
tests/test_rule_funcs.py::TestEMACrossover::test_ema_crossover_signal PASSED [ 84%]
tests/test_rule_funcs.py::TestEdgeCases::test_empty_dataframe PASSED     [ 85%]
tests/test_rule_funcs.py::TestEdgeCases::test_single_price_data PASSED   [ 86%]
tests/test_rule_funcs.py::TestEdgeCases::test_nan_price_data PASSED      [ 86%]
tests/test_rule_funcs.py::TestIntegration::test_all_rules_with_real_data PASSED [ 87%]
tests/test_rule_funcs.py::TestVolumeSpike::test_volume_spike_detection PASSED [ 87%]
tests/test_rule_funcs.py::TestVolumeSpike::test_volume_spike_insufficient_data PASSED [ 88%]
tests/test_rule_funcs.py::TestVolumeSpike::test_volume_spike_invalid_params PASSED [ 89%]
tests/test_rule_funcs.py::TestVolumeSpike::test_volume_spike_missing_columns PASSED [ 89%]
tests/test_rule_funcs.py::TestHammerPattern::test_hammer_pattern_detection PASSED [ 90%]
tests/test_rule_funcs.py::TestHammerPattern::test_hammer_pattern_empty_data PASSED [ 90%]
tests/test_rule_funcs.py::TestHammerPattern::test_hammer_pattern_invalid_params PASSED [ 91%]
tests/test_rule_funcs.py::TestHammerPattern::test_hammer_pattern_missing_columns PASSED [ 92%]
tests/test_rule_funcs.py::TestEngulfingPattern::test_engulfing_pattern_detection PASSED [ 92%]
tests/test_rule_funcs.py::TestEngulfingPattern::test_engulfing_pattern_insufficient_data PASSED [ 93%]
tests/test_rule_funcs.py::TestEngulfingPattern::test_engulfing_pattern_invalid_params PASSED [ 93%]
tests/test_rule_funcs.py::TestEngulfingPattern::test_engulfing_pattern_missing_columns PASSED [ 94%]
tests/test_rule_funcs.py::TestMACDCrossover::test_macd_crossover_signal PASSED [ 95%]
tests/test_rule_funcs.py::TestMACDCrossover::test_macd_crossover_insufficient_data PASSED [ 95%]
tests/test_rule_funcs.py::TestMACDCrossover::test_macd_crossover_invalid_params PASSED [ 96%]
tests/test_rule_funcs.py::TestMACDCrossover::test_macd_crossover_missing_columns PASSED [ 96%]
tests/test_rule_funcs.py::TestBollingerSqueeze::test_bollinger_squeeze_signal PASSED [ 97%]
tests/test_rule_funcs.py::TestBollingerSqueeze::test_bollinger_squeeze_insufficient_data PASSED [ 98%]
tests/test_rule_funcs.py::TestBollingerSqueeze::test_bollinger_squeeze_invalid_params PASSED [ 98%]
tests/test_rule_funcs.py::TestBollingerSqueeze::test_bollinger_squeeze_missing_columns PASSED [ 99%]
tests/test_rule_funcs.py::TestNewRulesIntegration::test_all_new_rules_with_sample_data PASSED [100%]

=============================== tests coverage ================================
______________ coverage: platform win32, python 3.12.10-final-0 _______________

Name                             Stmts   Miss  Cover
----------------------------------------------------
src\kiss_signal\__init__.py          4      0   100%
src\kiss_signal\backtester.py      110     25    77%
src\kiss_signal\cli.py             189     36    81%
src\kiss_signal\config.py           71      7    90%
src\kiss_signal\data.py            177     15    92%
src\kiss_signal\performance.py      41      0   100%
src\kiss_signal\persistence.py     121     15    88%
src\kiss_signal\reporter.py        190      7    96%
src\kiss_signal\rules.py           146      3    98%
----------------------------------------------------
TOTAL                             1049    108    90%
======================= 166 passed in 63.35s (0:01:03) ========================
