============================= test session starts =============================
platform win32 -- Python 3.12.10, pytest-8.4.0, pluggy-1.6.0 -- D:\Code\stock_rule_based\venv\Scripts\python.exe
cachedir: .pytest_cache
rootdir: d:\Code\stock_rule_based
configfile: pyproject.toml
plugins: cov-6.2.1
collecting ... collected 94 items

tests/test_backtester.py::TestBacktester::test_init_default_parameters PASSED [  1%]
tests/test_backtester.py::TestBacktester::test_init_custom_parameters PASSED [  2%]
tests/test_backtester.py::TestBacktester::test_calc_edge_score_basic PASSED [  3%]
tests/test_backtester.py::TestBacktester::test_calc_edge_score_zero_values PASSED [  4%]
tests/test_backtester.py::TestBacktester::test_calc_edge_score_custom_weights PASSED [  5%]
tests/test_backtester.py::TestBacktester::test_find_optimal_strategies_empty_list PASSED [  6%]
tests/test_backtester.py::TestBacktester::test_generate_signals_baseline_only PASSED [  7%]
tests/test_backtester.py::TestBacktester::test_generate_signals_sma_crossover PASSED [  8%]
tests/test_backtester.py::TestBacktester::test_generate_signals_invalid_rule PASSED [  9%]
tests/test_backtester.py::TestBacktester::test_generate_signals_missing_parameters PASSED [ 10%]
tests/test_backtester.py::TestBacktester::test_create_portfolio_basic PASSED [ 11%]
tests/test_backtester.py::TestBacktester::test_create_portfolio_no_signals PASSED [ 12%]
tests/test_backtester.py::TestBacktester::test_create_portfolio_mismatched_length PASSED [ 13%]
tests/test_backtester.py::TestBacktester::test_calculate_win_percentage_basic PASSED [ 14%]
tests/test_backtester.py::TestBacktester::test_calculate_sharpe_ratio_basic PASSED [ 15%]
tests/test_backtester.py::TestBacktester::test_calculate_total_trades PASSED [ 17%]
tests/test_backtester.py::TestBacktesterIntegration::test_find_optimal_strategies_basic_flow PASSED [ 18%]
tests/test_backtester.py::TestBacktesterFixtures::test_sample_backtest_data_fixture PASSED [ 19%]
tests/test_cli.py::test_cli_import PASSED                                [ 20%]
tests/test_cli.py::test_run_command_help PASSED                          [ 21%]
tests/test_cli.py::test_run_command_basic PASSED                         [ 22%]
tests/test_cli.py::test_run_command_verbose PASSED                       [ 23%]
tests/test_cli.py::test_run_command_freeze_date PASSED                   [ 24%]
tests/test_cli.py::test_run_command_success PASSED                       [ 25%]
tests/test_cli.py::test_run_command_invalid_freeze_date PASSED           [ 26%]
tests/test_cli.py::test_run_command_no_config PASSED                     [ 27%]
tests/test_cli.py::test_run_command_missing_rules PASSED                 [ 28%]
tests/test_data.py::TestDataFunctions::test_load_universe PASSED         [ 29%]
tests/test_data.py::TestDataFunctions::test_load_universe_missing_file PASSED [ 30%]
tests/test_data.py::TestDataFunctions::test_load_universe_malformed PASSED [ 31%]
tests/test_data.py::TestDataFunctions::test_add_ns_suffix PASSED         [ 32%]
tests/test_data.py::TestDataFunctions::test_needs_refresh_missing_file PASSED [ 34%]
tests/test_data.py::TestDataFunctions::test_needs_refresh_fresh_file PASSED [ 35%]
tests/test_data.py::TestDataFunctions::test_needs_refresh_stale_file PASSED [ 36%]
tests/test_data.py::TestDataFunctions::test_validate_data_quality_good_data PASSED [ 37%]
tests/test_data.py::TestDataFunctions::test_validate_data_quality_negative_prices PASSED [ 38%]
tests/test_data.py::TestDataFunctions::test_save_and_load_symbol_cache PASSED [ 39%]
tests/test_data.py::TestDataFunctions::test_get_price_data_with_date_filtering PASSED [ 40%]
tests/test_data.py::TestDataFunctions::test_get_price_data_with_freeze_date PASSED [ 41%]
tests/test_data.py::TestDataFunctions::test_get_price_data_missing_cache PASSED [ 42%]
tests/test_data.py::TestDataFunctions::test_refresh_market_data_freeze_mode PASSED [ 43%]
tests/test_data.py::TestDataFunctions::test_refresh_market_data_success PASSED [ 44%]
tests/test_data.py::TestDataFunctions::test_fetch_symbol_data_multiindex_columns PASSED [ 45%]
tests/test_data.py::TestDataFunctions::test_fetch_symbol_data_tuple_columns PASSED [ 46%]
tests/test_data_manager.py::TestDataManager::test_load_universe PASSED   [ 47%]
tests/test_data_manager.py::TestDataManager::test_load_universe_missing_file PASSED [ 48%]
tests/test_data_manager.py::TestDataManager::test_load_universe_malformed PASSED [ 50%]
tests/test_data_manager.py::TestDataManager::test_needs_refresh PASSED   [ 51%]
tests/test_data_manager.py::TestDataManager::test_add_ns_suffix PASSED   [ 52%]
tests/test_data_manager.py::TestDataManager::test_validate_data_quality PASSED [ 53%]
tests/test_data_manager.py::TestDataManager::test_fetch_symbol_data_success PASSED [ 54%]
tests/test_data_manager.py::TestDataManager::test_fetch_symbol_data_failure PASSED [ 55%]
tests/test_data_manager.py::TestDataManager::test_save_and_load_symbol_cache PASSED [ 56%]
tests/test_data_manager.py::TestDataManager::test_get_price_data_with_date_filtering PASSED [ 57%]
tests/test_data_manager.py::TestDataManager::test_get_price_data_with_freeze_date PASSED [ 58%]
tests/test_data_manager.py::TestDataManager::test_get_price_data_missing_cache PASSED [ 59%]
tests/test_data_manager.py::TestDataManager::test_refresh_market_data PASSED [ 60%]
tests/test_data_manager.py::TestDataConfiguration::test_freeze_date_integration PASSED [ 61%]
tests/test_data_manager.py::TestDataConfiguration::test_custom_cache_refresh_days PASSED [ 62%]
tests/test_rule_funcs.py::TestSMACrossover::test_valid_crossover_signal PASSED [ 63%]
tests/test_rule_funcs.py::TestSMACrossover::test_insufficient_data PASSED [ 64%]
tests/test_rule_funcs.py::TestSMACrossover::test_invalid_periods PASSED  [ 65%]
tests/test_rule_funcs.py::TestCalculateRSI::test_rsi_calculation PASSED  [ 67%]
tests/test_rule_funcs.py::TestCalculateRSI::test_rsi_insufficient_data PASSED [ 68%]
tests/test_rule_funcs.py::TestRSIOversold::test_oversold_signal_generation PASSED [ 69%]
tests/test_rule_funcs.py::TestRSIOversold::test_insufficient_data_rsi PASSED [ 70%]
tests/test_rule_funcs.py::TestEMACrossover::test_ema_crossover_signal PASSED [ 71%]
tests/test_rule_funcs.py::TestEdgeCases::test_empty_dataframe PASSED     [ 72%]
tests/test_rule_funcs.py::TestEdgeCases::test_single_price_data PASSED   [ 73%]
tests/test_rule_funcs.py::TestEdgeCases::test_nan_price_data PASSED      [ 74%]
tests/test_rule_funcs.py::TestIntegration::test_all_rules_with_real_data PASSED [ 75%]
tests/test_signal_generator.py::TestSignalGenerator::test_init_default_parameters PASSED [ 76%]
tests/test_signal_generator.py::TestSignalGenerator::test_init_custom_hold_period PASSED [ 77%]
tests/test_signal_generator.py::TestSignalGenerator::test_evaluate_rule_sma_crossover PASSED [ 78%]
tests/test_signal_generator.py::TestSignalGenerator::test_evaluate_rule_rsi_oversold PASSED [ 79%]
tests/test_signal_generator.py::TestSignalGenerator::test_evaluate_rule_ema_crossover PASSED [ 80%]
tests/test_signal_generator.py::TestSignalGenerator::test_evaluate_rule_invalid_name PASSED [ 81%]
tests/test_signal_generator.py::TestSignalGenerator::test_evaluate_rule_insufficient_data PASSED [ 82%]
tests/test_signal_generator.py::TestSignalGenerator::test_generate_signals_single_rule PASSED [ 84%]
tests/test_signal_generator.py::TestSignalGenerator::test_generate_signals_multiple_rules_and_logic PASSED [ 85%]
tests/test_signal_generator.py::TestSignalGenerator::test_generate_signals_time_based_exit PASSED [ 86%]
tests/test_signal_generator.py::TestSignalGenerator::test_generate_signals_empty_rule_stack PASSED [ 87%]
tests/test_signal_generator.py::TestSignalGenerator::test_generate_signals_no_triggers PASSED [ 88%]
tests/test_signal_generator.py::TestSignalGenerator::test_missing_price_data_columns PASSED [ 89%]
tests/test_signal_generator.py::TestSignalGenerator::test_invalid_price_data_index PASSED [ 90%]
tests/test_signal_generator.py::TestSignalGenerator::test_signal_deduplication PASSED [ 91%]
tests/test_signal_generator.py::TestSignalGenerator::test_create_empty_signals_dataframe PASSED [ 92%]
tests/test_signal_generator.py::TestSignalGenerator::test_calculate_exit_date_sufficient_data PASSED [ 93%]
tests/test_signal_generator.py::TestSignalGenerator::test_calculate_exit_date_insufficient_data PASSED [ 94%]
tests/test_signal_generator.py::TestSignalGenerator::test_calculate_exit_date_no_future_data PASSED [ 95%]
tests/test_signal_generator.py::TestSignalGeneratorIntegration::test_integration_with_real_price_data PASSED [ 96%]
tests/test_signal_generator.py::TestSignalGeneratorIntegration::test_integration_with_multiple_rules PASSED [ 97%]
tests/test_signal_generator.py::TestSignalGeneratorIntegration::test_performance_with_large_dataset PASSED [ 98%]
tests/test_signal_generator.py::TestSignalGeneratorFixtures::test_sample_signal_data_fixture PASSED [100%]

=============================== tests coverage ================================
______________ coverage: platform win32, python 3.12.10-final-0 _______________

Name                                  Stmts   Miss  Cover
---------------------------------------------------------
src\kiss_signal\__init__.py               4      0   100%
src\kiss_signal\_version.py              13     13     0%
src\kiss_signal\backtester.py           128     21    84%
src\kiss_signal\cli.py                  102     12    88%
src\kiss_signal\config.py                58     12    79%
src\kiss_signal\data.py                 142     23    84%
src\kiss_signal\persistence.py            0      0   100%
src\kiss_signal\reporter.py               0      0   100%
src\kiss_signal\rules.py                 48      3    94%
src\kiss_signal\signal_generator.py      95     13    86%
---------------------------------------------------------
TOTAL                                   590     97    84%
============================= 94 passed in 23.65s =============================
