============================= test session starts =============================
platform win32 -- Python 3.12.10, pytest-8.4.0, pluggy-1.6.0 -- D:\Code\stock_rule_based\venv\Scripts\python.exe
cachedir: .pytest_cache
rootdir: D:\Code\stock_rule_based
configfile: pyproject.toml
plugins: cov-6.2.1
collecting ... collected 383 items

tests/test_adapters.py::TestFetchSymbolData::test_successful_fetch_basic PASSED [  0%]
tests/test_adapters.py::TestFetchSymbolData::test_successful_fetch_with_freeze_date PASSED [  0%]
tests/test_adapters.py::TestFetchSymbolData::test_multiindex_columns_handling PASSED [  0%]
tests/test_adapters.py::TestFetchSymbolData::test_tuple_columns_handling PASSED [  1%]
tests/test_adapters.py::TestFetchSymbolData::test_empty_dataframe_first_attempt_success_second PASSED [  1%]
tests/test_adapters.py::TestFetchSymbolData::test_empty_dataframe_all_attempts PASSED [  1%]
tests/test_adapters.py::TestFetchSymbolData::test_missing_required_columns PASSED [  1%]
tests/test_adapters.py::TestFetchSymbolData::test_yftzmissingerror_retry_then_success PASSED [  2%]
tests/test_adapters.py::TestFetchSymbolData::test_yftzmissingerror_all_attempts_fail PASSED [  2%]
tests/test_adapters.py::TestFetchSymbolData::test_timeout_error_retry_logic PASSED [  2%]
tests/test_adapters.py::TestFetchSymbolData::test_connection_error_retry_logic PASSED [  2%]
tests/test_adapters.py::TestFetchSymbolData::test_404_error_no_retry PASSED [  3%]
tests/test_adapters.py::TestFetchSymbolData::test_delisted_error_no_retry PASSED [  3%]
tests/test_adapters.py::TestFetchSymbolData::test_generic_error_no_retry PASSED [  3%]
tests/test_adapters.py::TestFetchSymbolData::test_data_type_conversion PASSED [  3%]
tests/test_adapters.py::TestFetchSymbolData::test_invalid_numeric_data_handling PASSED [  4%]
tests/test_adapters.py::TestFetchSymbolData::test_exponential_backoff_delays PASSED [  4%]
tests/test_adapters.py::TestFetchSymbolData::test_max_retries_reached PASSED [  4%]
tests/test_adapters.py::TestFetchSymbolData::test_different_years_parameter PASSED [  4%]
tests/test_adapters.py::TestFetchSymbolData::test_progress_parameter_disabled PASSED [  5%]
tests/test_adapters.py::TestFetchSymbolData::test_auto_adjust_parameter PASSED [  5%]
tests/test_adapters.py::TestFetchSymbolData::test_logger_import_and_usage PASSED [  5%]
tests/test_adapters.py::TestFetchSymbolData::test_time_import_and_usage PASSED [  6%]
tests/test_adapters.py::TestFetchSymbolData::test_column_standardization_edge_cases PASSED [  6%]
tests/test_adapters.py::TestFetchSymbolData::test_return_none_final_attempt PASSED [  6%]
tests/test_adapters.py::TestFetchSymbolData::test_function_signature_and_defaults PASSED [  6%]
tests/test_adapters.py::TestFetchSymbolData::test_coverage_all_error_classification_branches PASSED [  7%]
tests/test_adapters.py::TestFetchSymbolData::test_final_return_none_path PASSED [  7%]
tests/test_adapters.py::TestFetchSymbolData::test_unreachable_return_none_coverage PASSED [  7%]
tests/test_adapters.py::TestFetchSymbolData::test_theoretical_unreachable_path PASSED [  7%]
tests/test_adapters.py::TestFetchSymbolData::test_coverage_summary PASSED [  8%]
tests/test_backtester.py::TestBacktesterCore::test_init_default_parameters PASSED [  8%]
tests/test_backtester.py::TestBacktesterCore::test_init_custom_parameters PASSED [  8%]
tests/test_backtester.py::TestBacktesterCore::test_generate_signals_empty_type_field PASSED [  8%]
tests/test_backtester.py::TestBacktesterCore::test_generate_signals_various_rules[sma_crossover-params0] PASSED [  9%]
tests/test_backtester.py::TestBacktesterCore::test_generate_signals_various_rules[ema_crossover-params1] PASSED [  9%]
tests/test_backtester.py::TestBacktesterCore::test_generate_signals_various_rules[rsi_oversold-params2] PASSED [  9%]
tests/test_backtester.py::TestBacktesterCore::test_generate_signals_various_rules[volume_spike-params3] PASSED [  9%]
tests/test_backtester.py::TestBacktesterCore::test_calculate_edge_score_basic PASSED [ 10%]
tests/test_backtester.py::TestBacktesterCore::test_calculate_edge_score_with_weights PASSED [ 10%]
tests/test_backtester.py::TestBacktesterCore::test_backtest_strategy_end_to_end PASSED [ 10%]
tests/test_backtester.py::TestContextFilters::test_apply_context_filters_empty_list PASSED [ 10%]
tests/test_backtester.py::TestContextFilters::test_apply_context_filters_single_filter PASSED [ 11%]
tests/test_backtester.py::TestContextFilters::test_apply_context_filters_multiple_filters PASSED [ 11%]
tests/test_backtester.py::TestContextFilters::test_context_filter_initialization_fix PASSED [ 11%]
tests/test_backtester.py::TestContextFilters::test_context_filter_integration_with_backtest PASSED [ 12%]
tests/test_backtester.py::TestPandasDowncasting::test_no_future_warnings_on_import PASSED [ 12%]
tests/test_backtester.py::TestPandasDowncasting::test_apply_context_filters_no_warnings PASSED [ 12%]
tests/test_backtester.py::TestPandasDowncasting::test_generate_signals_no_warnings PASSED [ 12%]
tests/test_backtester.py::TestPandasDowncasting::test_portfolio_operations_no_warnings PASSED [ 13%]
tests/test_backtester.py::TestCompleteRuleStack::test_rule_stack_includes_entry_signals PASSED [ 13%]
tests/test_backtester.py::TestCompleteRuleStack::test_rule_stack_includes_all_entry_signals PASSED [ 13%]
tests/test_backtester.py::TestCompleteRuleStack::test_rule_stack_includes_context_filters PASSED [ 13%]
tests/test_backtester.py::TestCompleteRuleStack::test_rule_stack_includes_sell_conditions PASSED [ 14%]
tests/test_backtester.py::TestCompleteRuleStack::test_rule_stack_complete_configuration PASSED [ 14%]
tests/test_backtester.py::TestBacktesterIntegration::test_find_optimal_strategies_basic_flow PASSED [ 14%]
tests/test_backtester.py::TestBacktesterIntegration::test_generate_exit_signals_multiple_stop_loss PASSED [ 14%]
tests/test_backtester.py::TestBacktesterIntegration::test_generate_exit_signals_multiple_take_profit PASSED [ 15%]
tests/test_backtester.py::TestBacktesterIntegration::test_generate_exit_signals_indicator_rule_exception PASSED [ 15%]
tests/test_backtester.py::TestBacktesterIntegration::test_find_optimal_strategies_no_baseline_rule PASSED [ 15%]
tests/test_backtester.py::TestBacktesterIntegration::test_find_optimal_strategies_infer_freq_none PASSED [ 15%]
tests/test_backtester.py::TestBacktesterIntegration::test_find_optimal_strategies_intraday_data_ffill PASSED [ 16%]
tests/test_backtester.py::TestBacktesterIntegration::test_find_optimal_strategies_successful_freq_inference PASSED [ 16%]
tests/test_backtester.py::TestBacktesterIntegration::test_find_optimal_strategies_with_sell_conditions_logging PASSED [ 16%]
tests/test_backtester.py::TestBacktesterIntegration::test_find_optimal_strategies_empty_signals PASSED [ 16%]
tests/test_backtester.py::TestBacktesterIntegration::test_find_optimal_strategies_zero_trades_after_signals PASSED [ 17%]
tests/test_backtester.py::TestBacktesterIntegration::test_find_optimal_strategies_total_trades_zero PASSED [ 17%]
tests/test_backtester.py::TestBacktesterIntegration::test_find_optimal_strategies_exception_in_processing PASSED [ 17%]
tests/test_backtester.py::TestBacktesterFixtures::test_sample_backtest_data_fixture PASSED [ 18%]
tests/test_backtester.py::TestBacktester::test_init_default_parameters PASSED [ 18%]
tests/test_backtester.py::TestBacktester::test_init_custom_parameters PASSED [ 18%]
tests/test_backtester.py::TestBacktester::test_generate_signals_empty_type_field PASSED [ 18%]
tests/test_backtester.py::TestBacktester::test_generate_signals_sma_crossover PASSED [ 19%]
tests/test_backtester.py::TestBacktester::test_generate_signals_invalid_rule PASSED [ 19%]
tests/test_backtester.py::TestBacktester::test_generate_signals_missing_parameters PASSED [ 19%]
tests/test_backtester.py::TestBacktester::test_find_optimal_strategies_no_trades PASSED [ 19%]
tests/test_backtester.py::TestBacktester::test_atr_exit_signal_generation PASSED [ 20%]
tests/test_backtester.py::TestBacktester::test_generate_exit_signals_with_atr PASSED [ 20%]
tests/test_backtester.py::TestBacktester::test_track_entry_prices PASSED [ 20%]
tests/test_cli.py::test_app_help PASSED                                  [ 20%]
tests/test_cli.py::test_show_banner PASSED                               [ 21%]
tests/test_cli.py::test_create_progress_context PASSED                   [ 21%]
tests/test_cli.py::test_display_results_empty PASSED                     [ 21%]
tests/test_cli.py::test_run_command_basic PASSED                         [ 21%]
tests/test_cli.py::test_run_command_verbose PASSED                       [ 22%]
tests/test_cli.py::test_run_command_freeze_date PASSED                   [ 22%]
tests/test_cli.py::test_run_command_invalid_freeze_date PASSED           [ 22%]
tests/test_cli.py::test_run_command_no_config PASSED                     [ 22%]
tests/test_cli.py::test_run_command_missing_rules PASSED                 [ 23%]
tests/test_cli.py::test_run_command_insufficient_data_handling PASSED    [ 23%]
tests/test_cli.py::test_run_command_with_persistence PASSED              [ 23%]
tests/test_cli.py::test_run_command_persistence_failure_handling PASSED  [ 24%]
tests/test_cli.py::test_analyze_strategies_command_success PASSED        [ 24%]
tests/test_cli.py::test_analyze_strategies_command_custom_output PASSED  [ 24%]
tests/test_cli.py::test_analyze_strategies_command_no_database PASSED    [ 24%]
tests/test_cli.py::test_analyze_strategies_command_no_data PASSED        [ 25%]
tests/test_cli.py::test_analyze_strategies_command_error_handling PASSED [ 25%]
tests/test_cli.py::test_clear_and_recalculate_basic_flow PASSED          [ 25%]
tests/test_cli.py::test_clear_and_recalculate_clear_failure PASSED       [ 25%]
tests/test_cli.py::test_cli_with_min_trades_config PASSED                [ 26%]
tests/test_cli.py::test_min_trades_filtering_applied PASSED              [ 26%]
tests/test_cli.py::test_run_command_backtest_value_error PASSED          [ 26%]
tests/test_cli.py::test_run_command_file_not_found_in_backtest PASSED    [ 26%]
tests/test_cli.py::test_run_command_backtest_generic_exception_verbose PASSED [ 27%]
tests/test_cli.py::test_run_command_report_generation_fails_warning PASSED [ 27%]
tests/test_cli.py::test_cli_command_variations[command_args0-True] PASSED [ 27%]
tests/test_cli.py::test_cli_command_variations[command_args1-True] PASSED [ 27%]
tests/test_cli.py::test_cli_command_variations[command_args2-True] PASSED [ 28%]
tests/test_cli.py::test_cli_command_variations[command_args3-False] PASSED [ 28%]
tests/test_cli.py::test_cli_command_variations[command_args4-True] PASSED [ 28%]
tests/test_cli.py::test_cli_command_variations[command_args5-True] PASSED [ 28%]
tests/test_cli.py::test_cli_command_variations[command_args6-True] PASSED [ 29%]
tests/test_cli.py::test_full_cli_integration_flow PASSED                 [ 29%]
tests/test_config.py::test_config_model_valid PASSED                     [ 29%]
tests/test_config.py::test_config_model_invalid_weights PASSED           [ 30%]
tests/test_config.py::test_load_config_missing_file PASSED               [ 30%]
tests/test_config.py::test_config_universe_path_is_dir PASSED            [ 30%]
tests/test_config.py::test_load_config_invalid_yaml PASSED               [ 30%]
tests/test_config.py::test_load_config_empty_file PASSED                 [ 31%]
tests/test_config.py::test_load_rules_invalid_structure_pydantic[exit_conditions: []-entry_signals] PASSED [ 31%]
tests/test_config.py::test_load_rules_invalid_structure_pydantic[entry_signals: 123-Input should be a valid list] PASSED [ 31%]
tests/test_config.py::test_load_rules_invalid_structure_pydantic[entry_signals: [{}]-Field required] PASSED [ 31%]
tests/test_config.py::test_load_rules_invalid_structure_pydantic[entry_signals: [{name: a, type: b}]-Field required] PASSED [ 32%]
tests/test_config.py::test_load_rules_missing_file PASSED                [ 32%]
tests/test_config.py::test_load_rules_invalid_yaml PASSED                [ 32%]
tests/test_config.py::test_load_rules_empty_file PASSED                  [ 32%]
tests/test_config.py::test_rules_config_with_context_filters PASSED      [ 33%]
tests/test_config.py::test_rules_config_without_context_filters PASSED   [ 33%]
tests/test_config.py::test_rules_config_with_preconditions PASSED        [ 33%]
tests/test_config.py::test_rules_config_without_preconditions PASSED     [ 33%]
tests/test_data.py::TestDataBasicOperations::test_load_universe PASSED   [ 34%]
tests/test_data.py::TestDataBasicOperations::test_load_universe_missing_file PASSED [ 34%]
tests/test_data.py::TestDataBasicOperations::test_load_universe_malformed PASSED [ 34%]
tests/test_data.py::TestDataBasicOperations::test_add_ns_suffix PASSED   [ 34%]
tests/test_data.py::TestDataBasicOperations::test_needs_refresh[False-True] PASSED [ 35%]
tests/test_data.py::TestDataBasicOperations::test_needs_refresh[True-False] PASSED [ 35%]
tests/test_data.py::TestDataBasicOperations::test_needs_refresh[True-True] PASSED [ 35%]
tests/test_data.py::TestDataBasicOperations::test_needs_refresh_os_error PASSED [ 36%]
tests/test_data.py::TestDataBasicOperations::test_validate_data_quality[good-True] PASSED [ 36%]
tests/test_data.py::TestDataBasicOperations::test_validate_data_quality[negative_prices-False] PASSED [ 36%]
tests/test_data.py::TestDataBasicOperations::test_validate_data_quality[zero_volume-False] PASSED [ 36%]
tests/test_data.py::TestDataBasicOperations::test_validate_data_quality[empty-False] PASSED [ 37%]
tests/test_data.py::TestDataBasicOperations::test_validate_data_quality[large_gap-False] PASSED [ 37%]
tests/test_data.py::TestCacheOperations::test_save_and_load_cache_cycle PASSED [ 37%]
tests/test_data.py::TestCacheOperations::test_save_cache_exception_handling PASSED [ 37%]
tests/test_data.py::TestCacheOperations::test_load_cache_format_variations[unnamed_col] PASSED [ 38%]
tests/test_data.py::TestCacheOperations::test_load_cache_format_variations[date_as_col] PASSED [ 38%]
tests/test_data.py::TestPriceDataRetrieval::test_get_price_data_scenarios[date_filtering] PASSED [ 38%]
tests/test_data.py::TestPriceDataRetrieval::test_get_price_data_scenarios[start_end_date] PASSED [ 38%]
tests/test_data.py::TestPriceDataRetrieval::test_get_price_data_scenarios[freeze_date] PASSED [ 39%]
tests/test_data.py::TestPriceDataRetrieval::test_get_price_data_scenarios[freeze_mode_no_cache] PASSED [ 39%]
tests/test_data.py::TestPriceDataRetrieval::test_get_price_data_scenarios[no_data_in_range] PASSED [ 39%]
tests/test_data.py::TestPriceDataRetrieval::test_get_price_data_limited_data_warnings[RELIANCE-True] PASSED [ 39%]
tests/test_data.py::TestPriceDataRetrieval::test_get_price_data_limited_data_warnings[^NSEI-False] PASSED [ 40%]
tests/test_data.py::TestPriceDataRetrieval::test_get_price_data_position_tracking_warnings[date_params0-True] PASSED [ 40%]
tests/test_data.py::TestPriceDataRetrieval::test_get_price_data_position_tracking_warnings[date_params1-True] PASSED [ 40%]
tests/test_data.py::TestPriceDataRetrieval::test_get_price_data_position_tracking_warnings[date_params2-True] PASSED [ 40%]
tests/test_data.py::TestPriceDataRetrieval::test_get_price_data_position_tracking_warnings[date_params3-False] PASSED [ 41%]
tests/test_data.py::TestPriceDataRetrieval::test_get_price_data_sufficient_data_no_warning PASSED [ 41%]
tests/test_data.py::TestPriceDataRetrieval::test_get_price_data_symbol_suffix_handling[BPCL-BPCL.NS] PASSED [ 41%]
tests/test_data.py::TestPriceDataRetrieval::test_get_price_data_symbol_suffix_handling[^NSEI-^NSEI] PASSED [ 42%]
tests/test_data.py::TestAdvancedDataOperations::test_get_price_data_missing_cache_fetches_new_data PASSED [ 42%]
tests/test_data.py::TestAdvancedDataOperations::test_refresh_market_data_freeze_mode_skips_download PASSED [ 42%]
tests/test_data.py::TestAdvancedDataOperations::test_refresh_market_data_success_creates_cache PASSED [ 42%]
tests/test_data.py::TestAdvancedDataOperations::test_fetch_symbol_data_column_handling[multiindex-True] PASSED [ 43%]
tests/test_data.py::TestAdvancedDataOperations::test_fetch_symbol_data_column_handling[tuple-True] PASSED [ 43%]
tests/test_data.py::TestAdvancedDataOperations::test_fetch_symbol_data_column_handling[missing-False] PASSED [ 43%]
tests/test_data.py::TestAdvancedDataOperations::test_refresh_market_data_failure_scenarios[download_failure] PASSED [ 43%]
tests/test_data.py::TestAdvancedDataOperations::test_refresh_market_data_failure_scenarios[validation_failure] PASSED [ 44%]
tests/test_data.py::TestAdvancedDataOperations::test_refresh_market_data_failure_scenarios[api_exception] PASSED [ 44%]
tests/test_data.py::TestAdvancedDataOperations::test_refresh_market_data_failure_scenarios[empty_dataframe] PASSED [ 44%]
tests/test_data.py::TestAdvancedDataOperations::test_refresh_market_data_with_symbol_list PASSED [ 44%]
tests/test_data.py::TestMarketDataAlignment::test_market_cache_preserves_datetime_index PASSED [ 45%]
tests/test_data.py::TestMarketDataAlignment::test_market_above_sma_handles_index_types[range] PASSED [ 45%]
tests/test_data.py::TestMarketDataAlignment::test_market_above_sma_handles_index_types[datetime] PASSED [ 45%]
tests/test_data.py::TestMarketDataAlignment::test_market_data_alignment_integration PASSED [ 45%]
tests/test_data.py::TestMarketDataAlignment::test_freeze_date_preserves_datetime_index PASSED [ 46%]
tests/test_data.py::TestMarketDataAlignment::test_alignment_signal_preservation PASSED [ 46%]
tests/test_data.py::TestMarketDataAlignment::test_problematic_csv_format_handling PASSED [ 46%]
tests/test_data.py::TestTimestampComparison::test_get_price_data_index_conversion[string_dates] PASSED [ 46%]
tests/test_data.py::TestTimestampComparison::test_get_price_data_index_conversion[numeric_index] PASSED [ 47%]
tests/test_data.py::TestTimestampComparison::test_get_price_data_index_conversion[invalid_dates] PASSED [ 47%]
tests/test_data.py::TestTimestampComparison::test_load_cache_invalid_dates_error_handling PASSED [ 47%]
tests/test_data.py::TestTimestampComparison::test_get_price_data_freeze_date_index_conversion PASSED [ 48%]
tests/test_data.py::TestTimestampComparison::test_get_price_data_non_datetime_index_handling PASSED [ 48%]
tests/test_data.py::TestTimestampComparison::test_get_price_data_complex_filtering_with_conversion PASSED [ 48%]
tests/test_data.py::TestTimestampComparison::test_regression_nifty_comparison_error PASSED [ 48%]
tests/test_data.py::test_end_to_end_alignment_regression PASSED          [ 49%]
tests/test_integration_backtester.py::TestBacktesterRuleIntegration::test_rule_function_lookup PASSED [ 49%]
tests/test_integration_backtester.py::TestBacktesterRuleIntegration::test_rule_parameter_validation PASSED [ 49%]
tests/test_integration_backtester.py::TestBacktesterRuleIntegration::test_backtester_with_real_rules PASSED [ 49%]
tests/test_integration_cli.py::TestCLIIntegration::test_config_loading_integration PASSED [ 50%]
tests/test_integration_cli.py::TestCLIIntegration::test_data_loading_integration PASSED [ 50%]
tests/test_integration_cli.py::TestCLIIntegration::test_end_to_end_cli_workflow PASSED [ 50%]
tests/test_integration_cli.py::TestCLIIntegration::test_error_handling_integration PASSED [ 50%]
tests/test_mathematical_accuracy.py::TestATRMathematicalAccuracy::test_atr_manual_calculation_simple PASSED [ 51%]
tests/test_mathematical_accuracy.py::TestATRMathematicalAccuracy::test_atr_boundary_conditions PASSED [ 51%]
tests/test_mathematical_accuracy.py::TestSMAMathematicalAccuracy::test_sma_manual_calculation PASSED [ 51%]
tests/test_mathematical_accuracy.py::TestSMAMathematicalAccuracy::test_sma_mathematical_properties PASSED [ 51%]
tests/test_mathematical_accuracy.py::TestSMAMathematicalAccuracy::test_sma_boundary_conditions PASSED [ 52%]
tests/test_mathematical_accuracy.py::TestMathematicalToleranceLevels::test_trading_tolerance_sufficient PASSED [ 52%]
tests/test_mathematical_accuracy.py::TestMathematicalToleranceLevels::test_precision_documentation PASSED [ 52%]
tests/test_performance.py::test_performance_monitor_context_manager PASSED [ 53%]
tests/test_performance.py::test_performance_monitor_decorator PASSED     [ 53%]
tests/test_performance.py::test_get_summary PASSED                       [ 53%]
tests/test_performance.py::test_get_summary_empty PASSED                 [ 53%]
tests/test_performance.py::test_duration_warning PASSED                  [ 54%]
tests/test_performance.py::test_global_monitor_instance PASSED           [ 54%]
tests/test_performance.py::test_performance_benchmark_simulation PASSED  [ 54%]
tests/test_persistence.py::TestCreateDatabase::test_create_database_success PASSED [ 54%]
tests/test_persistence.py::TestCreateDatabase::test_create_database_idempotent PASSED [ 55%]
tests/test_persistence.py::TestCreateDatabase::test_create_database_failure PASSED [ 55%]
tests/test_persistence.py::TestSaveStrategiesBatch::test_save_strategies_batch_success PASSED [ 55%]
tests/test_persistence.py::TestSaveStrategiesBatch::test_save_strategies_batch_empty_list PASSED [ 55%]
tests/test_persistence.py::TestSaveStrategiesBatch::test_save_strategies_batch_transaction_rollback PASSED [ 56%]
tests/test_persistence.py::TestSaveStrategiesBatch::test_save_strategies_batch_invalid_rule_stack PASSED [ 56%]
tests/test_persistence.py::TestSaveStrategiesBatch::test_save_strategies_batch_with_closed_connection PASSED [ 56%]
tests/test_persistence.py::TestSaveStrategiesBatch::test_save_strategies_batch_upsert_behavior PASSED [ 56%]
tests/test_persistence.py::TestSaveStrategiesBatch::test_save_strategies_batch_with_numpy_int PASSED [ 57%]
tests/test_persistence.py::TestGetOpenPositions::test_get_open_positions_success PASSED [ 57%]
tests/test_persistence.py::TestGetOpenPositions::test_get_open_positions_empty PASSED [ 57%]
tests/test_persistence.py::TestGetOpenPositions::test_get_open_positions_db_error PASSED [ 57%]
tests/test_persistence.py::TestClosePositionsBatch::test_close_positions_batch_success PASSED [ 58%]
tests/test_persistence.py::TestClosePositionsBatch::test_close_positions_batch_empty_list PASSED [ 58%]
tests/test_persistence.py::TestClosePositionsBatch::test_close_positions_batch_db_error PASSED [ 58%]
tests/test_persistence.py::TestAddPositions::test_add_new_position_skips_existing_open PASSED [ 59%]
tests/test_persistence.py::TestAddPositions::test_add_new_positions_empty_list PASSED [ 59%]
tests/test_persistence.py::TestAddPositions::test_add_new_positions_db_error PASSED [ 59%]
tests/test_persistence.py::TestAddPositions::test_save_strategies_multiple_batches PASSED [ 59%]
tests/test_persistence.py::TestIntegration::test_create_and_save_workflow PASSED [ 60%]
tests/test_persistence.py::TestMigrationV2::test_migrate_strategies_table_v2_fresh_database PASSED [ 60%]
tests/test_persistence.py::TestMigrationV2::test_migrate_strategies_table_v2_with_existing_data PASSED [ 60%]
tests/test_persistence.py::TestMigrationV2::test_migrate_strategies_table_v2_idempotent PASSED [ 60%]
tests/test_persistence.py::TestMigrationV2::test_config_functions PASSED [ 61%]
tests/test_persistence.py::TestGetConnectionEdgeCases::test_get_connection_with_migration_needed PASSED [ 61%]
tests/test_persistence.py::TestGetConnectionEdgeCases::test_get_connection_database_error PASSED [ 61%]
tests/test_persistence.py::TestGetConnectionEdgeCases::test_get_connection_already_migrated PASSED [ 61%]
tests/test_persistence.py::TestCreateDatabaseEdgeCases::test_create_database_parent_directory_creation PASSED [ 62%]
tests/test_persistence.py::TestCreateDatabaseEdgeCases::test_create_database_oserror PASSED [ 62%]
tests/test_persistence.py::TestConfigHashAndSnapshot::test_generate_config_hash_deterministic PASSED [ 62%]
tests/test_persistence.py::TestConfigHashAndSnapshot::test_generate_config_hash_different_configs PASSED [ 62%]
tests/test_persistence.py::TestConfigHashAndSnapshot::test_create_config_snapshot_with_freeze_date PASSED [ 63%]
tests/test_persistence.py::TestConfigHashAndSnapshot::test_create_config_snapshot_without_freeze_date PASSED [ 63%]
tests/test_persistence.py::TestSaveStrategiesBatchEdgeCases::test_save_strategies_batch_with_pydantic_models PASSED [ 63%]
tests/test_persistence.py::TestSaveStrategiesBatchEdgeCases::test_save_strategies_batch_assertion_errors PASSED [ 63%]
tests/test_persistence.py::TestAddNewPositionsFromSignalsEdgeCases::test_add_positions_with_rule_stack_json PASSED [ 64%]
tests/test_persistence.py::TestAddNewPositionsFromSignalsEdgeCases::test_add_positions_fallback_rule_stack PASSED [ 64%]
tests/test_persistence.py::TestMigrateStrategiesTableV2EdgeCases::test_migrate_v2_with_data_and_pragma_check PASSED [ 64%]
tests/test_persistence.py::TestMigrateStrategiesTableV2EdgeCases::test_migrate_v2_error_handling PASSED [ 65%]
tests/test_persistence.py::TestAdditionalPersistenceFunctions::test_close_positions_transaction_rollback PASSED [ 65%]
tests/test_persistence.py::TestAdditionalPersistenceFunctions::test_add_positions_transaction_rollback PASSED [ 65%]
tests/test_persistence.py::TestStory020Deduplication::test_deduplication_removes_duplicates PASSED [ 65%]
tests/test_persistence.py::TestStory020Deduplication::test_deduplication_keeps_latest_record PASSED [ 66%]
tests/test_persistence.py::TestStory020Deduplication::test_deduplication_preserves_unique_records PASSED [ 66%]
tests/test_persistence.py::TestStory020Deduplication::test_deduplication_different_strategies_same_symbol PASSED [ 66%]
tests/test_persistence.py::TestStory020Deduplication::test_story_020_acceptance_criteria PASSED [ 66%]
tests/test_persistence.py::TestClearCurrentStrategies::test_clear_current_strategies_with_matches PASSED [ 67%]
tests/test_persistence.py::TestClearCurrentStrategies::test_cleanup_duplicate_strategies PASSED [ 67%]
tests/test_persistence.py::TestClearCurrentStrategies::test_clear_current_strategies_no_matches PASSED [ 67%]
tests/test_reporter.py::TestStrategFetching::test_fetch_strategies_success PASSED [ 67%]
tests/test_reporter.py::TestStrategFetching::test_fetch_strategies_threshold_filtering PASSED [ 68%]
tests/test_reporter.py::TestStrategFetching::test_fetch_strategies_no_results PASSED [ 68%]
tests/test_reporter.py::TestStrategFetching::test_fetch_strategies_database_error PASSED [ 68%]
tests/test_reporter.py::TestStrategFetching::test_fetch_strategies_generic_exception PASSED [ 68%]
tests/test_reporter.py::TestSignalIdentification::test_finds_signal_within_hold_period PASSED [ 69%]
tests/test_reporter.py::TestSignalIdentification::test_ignores_signal_outside_hold_period PASSED [ 69%]
tests/test_reporter.py::TestSignalIdentification::test_finds_multiple_recent_signals PASSED [ 69%]
tests/test_reporter.py::TestSignalIdentification::test_identify_signals_data_load_failure_or_empty PASSED [ 69%]
tests/test_reporter.py::TestSignalIdentification::test_identify_signals_json_decode_error PASSED [ 70%]
tests/test_reporter.py::TestSignalIdentification::test_find_signals_filters_index_symbol_parameter PASSED [ 70%]
tests/test_reporter.py::TestSignalIdentification::test_find_signals_string_parameter_conversion PASSED [ 70%]
tests/test_reporter.py::TestSignalIdentification::test_find_signals_no_valid_rules PASSED [ 71%]
tests/test_reporter.py::TestFormatting::test_format_new_buys_table_empty PASSED [ 71%]
tests/test_reporter.py::TestFormatting::test_format_open_positions_table_empty PASSED [ 71%]
tests/test_reporter.py::TestFormatting::test_format_sell_positions_table_empty PASSED [ 71%]
tests/test_reporter.py::TestFormatting::test_format_open_positions_table_with_na PASSED [ 72%]
tests/test_reporter.py::TestFormatting::test_format_strategy_analysis_as_csv PASSED [ 72%]
tests/test_reporter.py::TestFormatting::test_format_strategy_analysis_as_csv_empty PASSED [ 72%]
tests/test_reporter.py::TestStrategyAnalysis::test_analyze_strategy_performance_basic PASSED [ 72%]
tests/test_reporter.py::TestStrategyAnalysis::test_analyze_strategy_performance_aggregated_empty_records PASSED [ 73%]
tests/test_reporter.py::TestErrorHandling::test_analyze_strategy_performance_db_error PASSED [ 73%]
tests/test_reporter.py::TestErrorHandling::test_analyze_strategy_performance_aggregated_db_error PASSED [ 73%]
tests/test_reporter.py::TestErrorHandling::test_fetch_best_strategies_connection_error PASSED [ 73%]
tests/test_reporter.py::TestErrorHandling::test_fetch_best_strategies_sql_error PASSED [ 74%]
tests/test_reporter.py::TestErrorHandling::test_identify_new_signals_json_decode_error PASSED [ 74%]
tests/test_reporter.py::TestErrorHandling::test_find_signals_empty_rule_stack PASSED [ 74%]
tests/test_reporter.py::TestErrorHandling::test_find_signals_empty_dataframe PASSED [ 74%]
tests/test_reporter.py::TestErrorHandling::test_find_signals_rule_function_error PASSED [ 75%]
tests/test_reporter.py::TestErrorHandling::test_find_signals_string_parameter_conversion PASSED [ 75%]
tests/test_reporter.py::TestExitConditions::test_stop_loss_triggered PASSED [ 75%]
tests/test_reporter.py::TestExitConditions::test_take_profit_triggered PASSED [ 75%]
tests/test_reporter.py::TestExitConditions::test_indicator_exit_triggered PASSED [ 76%]
tests/test_reporter.py::TestExitConditions::test_no_exit_condition_met PASSED [ 76%]
tests/test_reporter.py::TestDataValidation::test_check_exit_conditions_with_ruledef_objects PASSED [ 76%]
tests/test_reporter.py::TestDataValidation::test_check_exit_conditions_with_dict_objects PASSED [ 77%]
tests/test_reporter.py::TestDataValidation::test_zero_entry_price_handling PASSED [ 77%]
tests/test_reporter.py::TestDataValidation::test_process_open_positions_ignores_freeze_date_for_live_positions PASSED [ 77%]
tests/test_reporter.py::TestReportGeneration::test_generate_report_with_positions PASSED [ 77%]
tests/test_reporter.py::TestReportGeneration::test_generate_report_file_write_error PASSED [ 78%]
tests/test_reporter.py::test_fetch_strategies_threshold_variations[0.5-2] PASSED [ 78%]
tests/test_reporter.py::test_fetch_strategies_threshold_variations[0.7-1] PASSED [ 78%]
tests/test_reporter.py::test_fetch_strategies_threshold_variations[0.8-0] PASSED [ 78%]
tests/test_reporter.py::test_csv_formatting_variations[standard-False] PASSED [ 79%]
tests/test_reporter.py::test_csv_formatting_variations[aggregated-True] PASSED [ 79%]
tests/test_rules.py::TestSMACrossover::test_valid_crossover_signal PASSED [ 79%]
tests/test_rules.py::TestSMACrossover::test_insufficient_data PASSED     [ 79%]
tests/test_rules.py::TestSMACrossover::test_invalid_periods PASSED       [ 80%]
tests/test_rules.py::TestCalculateRSI::test_rsi_calculation PASSED       [ 80%]
tests/test_rules.py::TestCalculateRSI::test_rsi_insufficient_data PASSED [ 80%]
tests/test_rules.py::TestRSIOversold::test_oversold_signal_generation PASSED [ 80%]
tests/test_rules.py::TestRSIOversold::test_insufficient_data_rsi PASSED  [ 81%]
tests/test_rules.py::TestEMACrossover::test_ema_crossover_signal PASSED  [ 81%]
tests/test_rules.py::TestEdgeCases::test_empty_dataframe PASSED          [ 81%]
tests/test_rules.py::TestEdgeCases::test_single_price_data PASSED        [ 81%]
tests/test_rules.py::TestEdgeCases::test_nan_price_data PASSED           [ 82%]
tests/test_rules.py::TestIntegration::test_all_rules_with_real_data PASSED [ 82%]
tests/test_rules.py::TestVolumeSpike::test_volume_spike_detection PASSED [ 82%]
tests/test_rules.py::TestVolumeSpike::test_volume_spike_insufficient_data PASSED [ 83%]
tests/test_rules.py::TestVolumeSpike::test_volume_spike_invalid_params PASSED [ 83%]
tests/test_rules.py::TestVolumeSpike::test_volume_spike_missing_columns PASSED [ 83%]
tests/test_rules.py::TestHammerPattern::test_hammer_pattern_detection PASSED [ 83%]
tests/test_rules.py::TestHammerPattern::test_hammer_pattern_empty_data PASSED [ 84%]
tests/test_rules.py::TestHammerPattern::test_hammer_pattern_invalid_params PASSED [ 84%]
tests/test_rules.py::TestHammerPattern::test_hammer_pattern_missing_columns PASSED [ 84%]
tests/test_rules.py::TestEngulfingPattern::test_engulfing_pattern_detection PASSED [ 84%]
tests/test_rules.py::TestEngulfingPattern::test_engulfing_pattern_insufficient_data PASSED [ 85%]
tests/test_rules.py::TestEngulfingPattern::test_engulfing_pattern_invalid_params PASSED [ 85%]
tests/test_rules.py::TestEngulfingPattern::test_engulfing_pattern_missing_columns PASSED [ 85%]
tests/test_rules.py::TestMACDCrossover::test_macd_crossover_signal PASSED [ 85%]
tests/test_rules.py::TestMACDCrossover::test_macd_crossover_insufficient_data PASSED [ 86%]
tests/test_rules.py::TestMACDCrossover::test_macd_crossover_invalid_params PASSED [ 86%]
tests/test_rules.py::TestMACDCrossover::test_macd_crossover_missing_columns PASSED [ 86%]
tests/test_rules.py::TestBollingerSqueeze::test_bollinger_squeeze_signal PASSED [ 86%]
tests/test_rules.py::TestBollingerSqueeze::test_bollinger_squeeze_insufficient_data PASSED [ 87%]
tests/test_rules.py::TestBollingerSqueeze::test_bollinger_squeeze_invalid_params PASSED [ 87%]
tests/test_rules.py::TestBollingerSqueeze::test_bollinger_squeeze_missing_columns PASSED [ 87%]
tests/test_rules.py::TestNewRulesIntegration::test_all_new_rules_with_sample_data PASSED [ 87%]
tests/test_rules.py::test_sma_cross_under_basic PASSED                   [ 88%]
tests/test_rules.py::test_sma_cross_under_parameter_validation PASSED    [ 88%]
tests/test_rules.py::test_stop_loss_pct_validation PASSED                [ 88%]
tests/test_rules.py::test_take_profit_pct_validation PASSED              [ 89%]
tests/test_rules.py::test_sma_cross_under_insufficient_data PASSED       [ 89%]
tests/test_rules.py::test_calculate_atr_basic PASSED                     [ 89%]
tests/test_rules.py::test_calculate_atr_mathematical_accuracy PASSED     [ 89%]
tests/test_rules.py::test_calculate_atr_insufficient_data PASSED         [ 90%]
tests/test_rules.py::test_calculate_atr_missing_columns PASSED           [ 90%]
tests/test_rules.py::test_calculate_atr_invalid_period PASSED            [ 90%]
tests/test_rules.py::test_stop_loss_atr_basic PASSED                     [ 90%]
tests/test_rules.py::test_stop_loss_atr_not_triggered PASSED             [ 91%]
tests/test_rules.py::test_stop_loss_atr_invalid_params PASSED            [ 91%]
tests/test_rules.py::test_stop_loss_atr_insufficient_data PASSED         [ 91%]
tests/test_rules.py::TestMarketAboveSMA::test_bullish_market_detection PASSED [ 91%]
tests/test_rules.py::TestMarketAboveSMA::test_bearish_market_detection PASSED [ 92%]
tests/test_rules.py::TestMarketAboveSMA::test_mixed_market_conditions PASSED [ 92%]
tests/test_rules.py::TestMarketAboveSMA::test_different_sma_periods PASSED [ 92%]
tests/test_rules.py::TestMarketAboveSMA::test_insufficient_data_handling PASSED [ 92%]
tests/test_rules.py::TestMarketAboveSMA::test_parameter_validation PASSED [ 93%]
tests/test_rules.py::TestMarketAboveSMA::test_missing_required_columns PASSED [ 93%]
tests/test_rules.py::TestMarketAboveSMA::test_empty_dataframe_handling PASSED [ 93%]
tests/test_rules.py::TestMarketAboveSMA::test_nan_values_handling PASSED [ 93%]
tests/test_rules.py::TestMarketAboveSMA::test_crossover_scenarios PASSED [ 94%]
tests/test_rules.py::TestMarketAboveSMA::test_edge_case_single_data_point PASSED [ 94%]
tests/test_rules.py::TestMarketAboveSMA::test_mathematical_accuracy PASSED [ 94%]
tests/test_rules.py::TestMarketAboveSMA::test_performance_with_large_dataset PASSED [ 95%]
tests/test_rules.py::test_take_profit_atr_basic PASSED                   [ 95%]
tests/test_rules.py::test_take_profit_atr_not_triggered PASSED           [ 95%]
tests/test_rules.py::test_take_profit_atr_invalid_params PASSED          [ 95%]
tests/test_rules.py::test_take_profit_atr_insufficient_data PASSED       [ 96%]
tests/test_rules.py::test_atr_functions_empty_data PASSED                [ 96%]
tests/test_rules.py::test_atr_consistency_across_functions PASSED        [ 96%]
tests/test_rules.py::test_price_above_long_sma_basic PASSED              [ 96%]
tests/test_rules.py::test_price_above_long_sma_insufficient_data PASSED  [ 97%]
tests/test_rules.py::test_price_above_long_sma_invalid_parameters PASSED [ 97%]
tests/test_rules.py::test_price_above_long_sma_missing_columns PASSED    [ 97%]
tests/test_rules.py::test_is_volatile_basic PASSED                       [ 97%]
tests/test_rules.py::test_is_volatile_insufficient_data PASSED           [ 98%]
tests/test_rules.py::test_is_volatile_invalid_parameters PASSED          [ 98%]
tests/test_rules.py::test_is_volatile_missing_columns PASSED             [ 98%]
tests/test_rules.py::test_is_volatile_mathematical_accuracy PASSED       [ 98%]
tests/test_rules.py::test_is_volatile_zero_volatility PASSED             [ 99%]
tests/test_rules.py::TestATRExitFunctionsFix::test_atr_exit_functions_skipped_in_signal_generation PASSED [ 99%]
tests/test_rules.py::TestATRExitFunctionsFix::test_only_atr_exit_functions_returns_no_signals PASSED [ 99%]
tests/test_rules.py::TestATRExitFunctionsFix::test_mixed_rule_stack_with_atr_functions PASSED [100%]

=============================== tests coverage ================================
______________ coverage: platform win32, python 3.12.10-final-0 _______________

Name                                   Stmts   Miss Branch BrPart  Cover
------------------------------------------------------------------------
src\kiss_signal\__init__.py                5      0      0      0   100%
src\kiss_signal\adapters\__init__.py       1      0      0      0   100%
src\kiss_signal\adapters\yfinance.py      55      0     20      0   100%
src\kiss_signal\backtester.py            275     25    118     12    90%
src\kiss_signal\cli.py                   254     23     56      7    88%
src\kiss_signal\config.py                 84      2     16      3    95%
src\kiss_signal\data.py                  201     21     78      8    90%
src\kiss_signal\performance.py            41      0      4      0   100%
src\kiss_signal\persistence.py           236      4     40      4    97%
src\kiss_signal\reporter.py              317     34     90     16    87%
src\kiss_signal\rules.py                 309     17    108      3    95%
------------------------------------------------------------------------
TOTAL                                   1778    126    530     53    92%
======================= 383 passed in 107.90s (0:01:47) =======================
