============================= test session starts =============================
platform win32 -- Python 3.12.10, pytest-8.4.0, pluggy-1.6.0 -- D:\Code\stock_rule_based\venv\Scripts\python.exe
cachedir: .pytest_cache
rootdir: D:\Code\stock_rule_based
configfile: pyproject.toml
plugins: cov-6.2.1
collecting ... collected 79 items

tests/test_backtester.py::TestBacktester::test_init_default_parameters PASSED [  1%]
tests/test_backtester.py::TestBacktester::test_init_custom_parameters PASSED [  2%]
tests/test_backtester.py::TestBacktester::test_calc_edge_score_basic PASSED [  3%]
tests/test_backtester.py::TestBacktester::test_calc_edge_score_zero_values PASSED [  5%]
tests/test_backtester.py::TestBacktester::test_calc_edge_score_custom_weights PASSED [  6%]
tests/test_backtester.py::TestBacktester::test_find_optimal_strategies_empty_list PASSED [  7%]
tests/test_backtester.py::TestBacktester::test_generate_signals_empty_rule_stack PASSED [  8%]
tests/test_backtester.py::TestBacktester::test_generate_signals_sma_crossover PASSED [ 10%]
tests/test_backtester.py::TestBacktester::test_generate_signals_invalid_rule PASSED [ 11%]
tests/test_backtester.py::TestBacktester::test_generate_signals_missing_parameters PASSED [ 12%]
tests/test_backtester.py::TestBacktester::test_create_portfolio_basic PASSED [ 13%]
tests/test_backtester.py::TestBacktester::test_create_portfolio_no_signals PASSED [ 15%]
tests/test_backtester.py::TestBacktester::test_create_portfolio_mismatched_length PASSED [ 16%]
tests/test_backtester.py::TestBacktester::test_calculate_win_percentage_basic PASSED [ 17%]
tests/test_backtester.py::TestBacktester::test_calculate_sharpe_ratio_basic PASSED [ 18%]
tests/test_backtester.py::TestBacktester::test_calculate_total_trades PASSED [ 20%]
tests/test_backtester.py::TestBacktesterIntegration::test_find_optimal_strategies_basic_flow PASSED [ 21%]
tests/test_backtester.py::TestBacktesterFixtures::test_sample_backtest_data_fixture PASSED [ 22%]
tests/test_cli.py::test_cli_import PASSED                                [ 24%]
tests/test_cli.py::test_run_command_help PASSED                          [ 25%]
tests/test_cli.py::test_run_command_basic PASSED                         [ 26%]
tests/test_cli.py::test_run_command_verbose PASSED                       [ 27%]
tests/test_cli.py::test_run_command_freeze_date PASSED                   [ 29%]
tests/test_cli.py::test_run_command_success PASSED                       [ 30%]
tests/test_cli.py::test_run_command_invalid_freeze_date PASSED           [ 31%]
tests/test_cli.py::test_run_command_no_config PASSED                     [ 32%]
tests/test_cli.py::test_run_command_missing_rules PASSED                 [ 34%]
tests/test_data.py::TestDataFunctions::test_load_universe PASSED         [ 35%]
tests/test_data.py::TestDataFunctions::test_load_universe_missing_file PASSED [ 36%]
tests/test_data.py::TestDataFunctions::test_load_universe_malformed PASSED [ 37%]
tests/test_data.py::TestDataFunctions::test_add_ns_suffix PASSED         [ 39%]
tests/test_data.py::TestDataFunctions::test_needs_refresh_missing_file PASSED [ 40%]
tests/test_data.py::TestDataFunctions::test_needs_refresh_fresh_file PASSED [ 41%]
tests/test_data.py::TestDataFunctions::test_needs_refresh_stale_file PASSED [ 43%]
tests/test_data.py::TestDataFunctions::test_validate_data_quality_good_data PASSED [ 44%]
tests/test_data.py::TestDataFunctions::test_validate_data_quality_negative_prices PASSED [ 45%]
tests/test_data.py::TestDataFunctions::test_save_and_load_symbol_cache PASSED [ 46%]
tests/test_data.py::TestDataFunctions::test_get_price_data_with_date_filtering PASSED [ 48%]
tests/test_data.py::TestDataFunctions::test_get_price_data_with_freeze_date PASSED [ 49%]
tests/test_data.py::TestDataFunctions::test_get_price_data_missing_cache PASSED [ 50%]
tests/test_data.py::TestDataFunctions::test_refresh_market_data_freeze_mode PASSED [ 51%]
tests/test_data.py::TestDataFunctions::test_refresh_market_data_success PASSED [ 53%]
tests/test_data.py::TestDataFunctions::test_fetch_symbol_data_multiindex_columns PASSED [ 54%]
tests/test_data.py::TestDataFunctions::test_fetch_symbol_data_tuple_columns PASSED [ 55%]
tests/test_data_manager.py::TestDataManager::test_load_universe PASSED   [ 56%]
tests/test_data_manager.py::TestDataManager::test_load_universe_missing_file PASSED [ 58%]
tests/test_data_manager.py::TestDataManager::test_load_universe_malformed PASSED [ 59%]
tests/test_data_manager.py::TestDataManager::test_needs_refresh PASSED   [ 60%]
tests/test_data_manager.py::TestDataManager::test_add_ns_suffix PASSED   [ 62%]
tests/test_data_manager.py::TestDataManager::test_validate_data_quality PASSED [ 63%]
tests/test_data_manager.py::TestDataManager::test_fetch_symbol_data_success PASSED [ 64%]
tests/test_data_manager.py::TestDataManager::test_fetch_symbol_data_failure PASSED [ 65%]
tests/test_data_manager.py::TestDataManager::test_save_and_load_symbol_cache PASSED [ 67%]
tests/test_data_manager.py::TestDataManager::test_get_price_data_with_date_filtering PASSED [ 68%]
tests/test_data_manager.py::TestDataManager::test_get_price_data_with_freeze_date PASSED [ 69%]
tests/test_data_manager.py::TestDataManager::test_get_price_data_missing_cache PASSED [ 70%]
tests/test_data_manager.py::TestDataManager::test_refresh_market_data PASSED [ 72%]
tests/test_data_manager.py::TestDataConfiguration::test_freeze_date_integration PASSED [ 73%]
tests/test_data_manager.py::TestDataConfiguration::test_custom_cache_refresh_days PASSED [ 74%]
tests/test_integration.py::TestCLIIntegration::test_config_loading_integration PASSED [ 75%]
tests/test_integration.py::TestCLIIntegration::test_data_loading_integration PASSED [ 77%]
tests/test_integration.py::TestCLIIntegration::test_backtester_with_real_rules PASSED [ 78%]
tests/test_integration.py::TestCLIIntegration::test_cli_rule_configuration_compatibility PASSED [ 79%]
tests/test_integration.py::TestCLIIntegration::test_end_to_end_cli_workflow PASSED [ 81%]
tests/test_integration.py::TestCLIIntegration::test_error_handling_integration PASSED [ 82%]
tests/test_integration.py::TestBacktesterRuleIntegration::test_rule_function_lookup PASSED [ 83%]
tests/test_integration.py::TestBacktesterRuleIntegration::test_rule_parameter_validation PASSED [ 84%]
tests/test_rule_funcs.py::TestSMACrossover::test_valid_crossover_signal PASSED [ 86%]
tests/test_rule_funcs.py::TestSMACrossover::test_insufficient_data PASSED [ 87%]
tests/test_rule_funcs.py::TestSMACrossover::test_invalid_periods PASSED  [ 88%]
tests/test_rule_funcs.py::TestCalculateRSI::test_rsi_calculation PASSED  [ 89%]
tests/test_rule_funcs.py::TestCalculateRSI::test_rsi_insufficient_data PASSED [ 91%]
tests/test_rule_funcs.py::TestRSIOversold::test_oversold_signal_generation PASSED [ 92%]
tests/test_rule_funcs.py::TestRSIOversold::test_insufficient_data_rsi PASSED [ 93%]
tests/test_rule_funcs.py::TestEMACrossover::test_ema_crossover_signal PASSED [ 94%]
tests/test_rule_funcs.py::TestEdgeCases::test_empty_dataframe PASSED     [ 96%]
tests/test_rule_funcs.py::TestEdgeCases::test_single_price_data PASSED   [ 97%]
tests/test_rule_funcs.py::TestEdgeCases::test_nan_price_data PASSED      [ 98%]
tests/test_rule_funcs.py::TestIntegration::test_all_rules_with_real_data PASSED [100%]

=============================== tests coverage ================================
______________ coverage: platform win32, python 3.12.10-final-0 _______________

Name                             Stmts   Miss  Cover
----------------------------------------------------
src\kiss_signal\__init__.py          4      0   100%
src\kiss_signal\_version.py         13     13     0%
src\kiss_signal\backtester.py      124     24    81%
src\kiss_signal\cli.py             133     21    84%
src\kiss_signal\config.py           58     12    79%
src\kiss_signal\data.py            149     26    83%
src\kiss_signal\persistence.py       0      0   100%
src\kiss_signal\reporter.py          0      0   100%
src\kiss_signal\rules.py            48      3    94%
----------------------------------------------------
TOTAL                              529     99    81%
======================= 79 passed in 134.58s (0:02:14) ========================
