============================= test session starts =============================
platform win32 -- Python 3.12.10, pytest-8.4.0, pluggy-1.6.0 -- D:\Code\stock_rule_based\venv\Scripts\python.exe
cachedir: .pytest_cache
rootdir: d:\Code\stock_rule_based
configfile: pyproject.toml
plugins: cov-6.2.1
collecting ... collected 179 items

tests/test_backtester.py::TestBacktester::test_init_default_parameters PASSED [  0%]
tests/test_backtester.py::TestBacktester::test_init_custom_parameters PASSED [  1%]
tests/test_backtester.py::TestBacktester::test_calc_edge_score_basic PASSED [  1%]
tests/test_backtester.py::TestBacktester::test_calc_edge_score_zero_values PASSED [  2%]
tests/test_backtester.py::TestBacktester::test_generate_signals_empty_rule_stack PASSED [  2%]
tests/test_backtester.py::TestBacktester::test_generate_signals_sma_crossover PASSED [  3%]
tests/test_backtester.py::TestBacktester::test_generate_signals_invalid_rule PASSED [  3%]
tests/test_backtester.py::TestBacktester::test_generate_signals_missing_parameters PASSED [  4%]
tests/test_backtester.py::TestBacktester::test_find_optimal_strategies_no_trades PASSED [  5%]
tests/test_backtester.py::TestBacktesterIntegration::test_find_optimal_strategies_basic_flow PASSED [  5%]
tests/test_backtester.py::TestBacktesterFixtures::test_sample_backtest_data_fixture PASSED [  6%]
tests/test_cli_advanced.py::test_run_command_with_persistence PASSED     [  6%]
tests/test_cli_advanced.py::test_run_command_persistence_failure_handling PASSED [  7%]
tests/test_cli_advanced.py::test_run_command_backtest_value_error PASSED [  7%]
tests/test_cli_advanced.py::test_run_command_file_not_found_in_backtest PASSED [  8%]
tests/test_cli_advanced.py::test_run_command_backtest_generic_exception_verbose PASSED [  8%]
tests/test_cli_advanced.py::test_run_command_log_save_failure PASSED     [  9%]
tests/test_cli_basic.py::test_cli_import PASSED                          [ 10%]
tests/test_cli_basic.py::test_app_help PASSED                            [ 10%]
tests/test_cli_basic.py::test_display_results_empty PASSED               [ 11%]
tests/test_cli_basic.py::test_run_command_basic PASSED                   [ 11%]
tests/test_cli_basic.py::test_run_command_verbose PASSED                 [ 12%]
tests/test_cli_basic.py::test_run_command_freeze_date PASSED             [ 12%]
tests/test_cli_basic.py::test_run_command_success PASSED                 [ 13%]
tests/test_cli_basic.py::test_run_command_invalid_freeze_date PASSED     [ 13%]
tests/test_cli_basic.py::test_run_command_no_config PASSED               [ 14%]
tests/test_cli_basic.py::test_run_command_missing_rules PASSED           [ 15%]
tests/test_config.py::test_config_model_valid PASSED                     [ 15%]
tests/test_config.py::test_config_model_invalid_weights PASSED           [ 16%]
tests/test_config.py::test_load_config_missing_file PASSED               [ 16%]
tests/test_config.py::test_load_rules_invalid_structure_pydantic[layers: []-Field required] PASSED [ 17%]
tests/test_config.py::test_load_rules_invalid_structure_pydantic[baseline: 123-Input should be a valid dictionary] PASSED [ 17%]
tests/test_config.py::test_load_rules_invalid_structure_pydantic[baseline: {}\nlayers: {}-Field required] PASSED [ 18%]
tests/test_config.py::test_load_rules_invalid_structure_pydantic[baseline: {name: a, type: b, params: {}}\nlayers: {}-Input should be a valid list] PASSED [ 18%]
tests/test_data_advanced.py::TestDataAdvancedFunctions::test_get_price_data_missing_cache PASSED [ 19%]
tests/test_data_advanced.py::TestDataAdvancedFunctions::test_refresh_market_data_freeze_mode PASSED [ 20%]
tests/test_data_advanced.py::TestDataAdvancedFunctions::test_refresh_market_data_success PASSED [ 20%]
tests/test_data_advanced.py::TestDataAdvancedFunctions::test_fetch_symbol_data_multiindex_columns PASSED [ 21%]
tests/test_data_advanced.py::TestDataAdvancedFunctions::test_fetch_symbol_data_tuple_columns PASSED [ 21%]
tests/test_data_advanced.py::TestDataAdvancedFunctions::test_refresh_market_data_fetch_failure PASSED [ 22%]
tests/test_data_advanced.py::TestDataAdvancedFunctions::test_refresh_market_data_validation_failure PASSED [ 22%]
tests/test_data_advanced.py::TestDataAdvancedFunctions::test_get_price_data_fetch_fails PASSED [ 23%]
tests/test_data_advanced.py::TestDataAdvancedFunctions::test_fetch_symbol_data_empty_df PASSED [ 24%]
tests/test_data_advanced.py::TestDataAdvancedFunctions::test_fetch_symbol_data_missing_columns PASSED [ 24%]
tests/test_data_advanced.py::TestDataAdvancedFunctions::test_fetch_symbol_data_api_exception PASSED [ 25%]
tests/test_data_advanced.py::TestDataAdvancedFunctions::test_fetch_and_store_data_fetch_fails PASSED [ 25%]
tests/test_data_advanced.py::TestDataAdvancedFunctions::test_fetch_and_store_data_validation_fails PASSED [ 26%]
tests/test_data_advanced.py::TestDataAdvancedFunctions::test_fetch_and_store_data_save_fails PASSED [ 26%]
tests/test_data_advanced.py::TestDataAdvancedFunctions::test_refresh_market_data_with_list PASSED [ 27%]
tests/test_data_basic.py::TestDataBasicFunctions::test_load_universe PASSED [ 27%]
tests/test_data_basic.py::TestDataBasicFunctions::test_load_universe_missing_file PASSED [ 28%]
tests/test_data_basic.py::TestDataBasicFunctions::test_load_universe_malformed PASSED [ 29%]
tests/test_data_basic.py::TestDataBasicFunctions::test_add_ns_suffix PASSED [ 29%]
tests/test_data_basic.py::TestDataBasicFunctions::test_needs_refresh_missing_file PASSED [ 30%]
tests/test_data_basic.py::TestDataBasicFunctions::test_needs_refresh_fresh_file PASSED [ 30%]
tests/test_data_basic.py::TestDataBasicFunctions::test_needs_refresh_stale_file PASSED [ 31%]
tests/test_data_basic.py::TestDataBasicFunctions::test_validate_data_quality_good_data PASSED [ 31%]
tests/test_data_basic.py::TestDataBasicFunctions::test_validate_data_quality_negative_prices PASSED [ 32%]
tests/test_data_basic.py::TestDataBasicFunctions::test_validate_data_quality_zero_volume PASSED [ 32%]
tests/test_data_basic.py::TestDataBasicFunctions::test_validate_data_quality_empty_df PASSED [ 33%]
tests/test_data_basic.py::TestDataBasicFunctions::test_validate_data_quality_large_gap PASSED [ 34%]
tests/test_data_basic.py::TestDataBasicFunctions::test_save_and_load_symbol_cache PASSED [ 34%]
tests/test_data_basic.py::TestDataBasicFunctions::test_save_symbol_cache_exception PASSED [ 35%]
tests/test_data_basic.py::TestDataBasicFunctions::test_load_symbol_cache_with_unnamed_col PASSED [ 35%]
tests/test_data_basic.py::TestDataBasicFunctions::test_load_symbol_cache_with_date_as_first_col PASSED [ 36%]
tests/test_data_basic.py::TestDataBasicFunctions::test_get_price_data_with_date_filtering PASSED [ 36%]
tests/test_data_basic.py::TestDataBasicFunctions::test_get_price_data_with_start_and_end_date PASSED [ 37%]
tests/test_data_basic.py::TestDataBasicFunctions::test_get_price_data_with_freeze_date PASSED [ 37%]
tests/test_data_basic.py::TestDataBasicFunctions::test_get_price_data_freeze_mode_no_cache PASSED [ 38%]
tests/test_data_basic.py::TestDataBasicFunctions::test_get_price_data_no_data_in_range PASSED [ 39%]
tests/test_data_basic.py::TestDataBasicFunctions::test_get_price_data_limited_data_warning PASSED [ 39%]
tests/test_data_basic.py::TestDataBasicFunctions::test_needs_refresh_os_error PASSED [ 40%]
tests/test_integration_backtester.py::TestBacktesterRuleIntegration::test_rule_function_lookup PASSED [ 40%]
tests/test_integration_backtester.py::TestBacktesterRuleIntegration::test_rule_parameter_validation PASSED [ 41%]
tests/test_integration_backtester.py::TestBacktesterRuleIntegration::test_backtester_with_real_rules PASSED [ 41%]
tests/test_integration_cli.py::TestCLIIntegration::test_config_loading_integration PASSED [ 42%]
tests/test_integration_cli.py::TestCLIIntegration::test_data_loading_integration PASSED [ 43%]
tests/test_integration_cli.py::TestCLIIntegration::test_end_to_end_cli_workflow PASSED [ 43%]
tests/test_integration_cli.py::TestCLIIntegration::test_error_handling_integration PASSED [ 44%]
tests/test_performance.py::test_performance_monitor_context_manager PASSED [ 44%]
tests/test_performance.py::test_performance_monitor_decorator PASSED     [ 45%]
tests/test_performance.py::test_get_summary FAILED                       [ 45%]
tests/test_performance.py::test_get_summary_empty PASSED                 [ 46%]
tests/test_performance.py::test_duration_warning PASSED                  [ 46%]
tests/test_performance.py::test_global_monitor_instance PASSED           [ 47%]
tests/test_performance.py::test_performance_benchmark_simulation PASSED  [ 48%]
tests/test_persistence.py::TestCreateDatabase::test_create_database_success PASSED [ 48%]
tests/test_persistence.py::TestCreateDatabase::test_create_database_idempotent PASSED [ 49%]
tests/test_persistence.py::TestSaveStrategiesBatch::test_save_strategies_batch_success PASSED [ 49%]
tests/test_persistence.py::TestSaveStrategiesBatch::test_save_strategies_batch_empty_list PASSED [ 50%]
tests/test_persistence.py::TestSaveStrategiesBatch::test_save_strategies_batch_transaction_rollback PASSED [ 50%]
tests/test_persistence.py::TestSaveStrategiesBatch::test_save_strategies_batch_invalid_rule_stack PASSED [ 51%]
tests/test_persistence.py::TestSaveStrategiesBatch::test_save_strategies_batch_database_not_exists PASSED [ 51%]
tests/test_persistence.py::TestAddPositions::test_add_new_position_skips_existing_open PASSED [ 52%]
tests/test_persistence.py::TestAddPositions::test_save_strategies_multiple_batches PASSED [ 53%]
tests/test_persistence.py::TestIntegration::test_create_and_save_workflow PASSED [ 53%]
tests/test_reporter_advanced.py::TestIdentifyNewSignalsEdgeCases::test_identify_signals_data_load_failure PASSED [ 54%]
tests/test_reporter_advanced.py::TestReportFormatting::test_format_new_buys_table_empty PASSED [ 54%]
tests/test_reporter_advanced.py::TestReportFormatting::test_format_open_positions_table_empty PASSED [ 55%]
tests/test_reporter_advanced.py::TestReportFormatting::test_format_sell_positions_table_empty PASSED [ 55%]
tests/test_reporter_advanced.py::TestReportFormatting::test_format_open_positions_table_with_na PASSED [ 56%]
tests/test_reporter_advanced.py::TestGenerateDailyReport::test_generate_report_with_positions PASSED [ 56%]
tests/test_reporter_advanced.py::TestGenerateDailyReport::test_generate_report_file_write_error PASSED [ 57%]
tests/test_reporter_advanced.py::TestGenerateDailyReport::test_generate_report_generic_exception PASSED [ 58%]
tests/test_reporter_core.py::TestFetchBestStrategies::test_fetch_strategies_success PASSED [ 58%]
tests/test_reporter_core.py::TestFetchBestStrategies::test_fetch_strategies_threshold_filtering PASSED [ 59%]
tests/test_reporter_core.py::TestFetchBestStrategies::test_fetch_strategies_no_results PASSED [ 59%]
tests/test_reporter_core.py::TestFetchBestStrategies::test_fetch_strategies_database_error PASSED [ 60%]
tests/test_reporter_core.py::TestCheckForSignal::test_check_signal_with_valid_rule PASSED [ 60%]
tests/test_reporter_core.py::TestCheckForSignal::test_check_signal_no_signal PASSED [ 61%]
tests/test_reporter_core.py::TestCheckForSignal::test_check_signal_empty_data PASSED [ 62%]
tests/test_reporter_core.py::TestCheckForSignal::test_check_signal_unknown_rule PASSED [ 62%]
tests/test_reporter_core.py::TestCheckForSignal::test_check_signal_rule_exception PASSED [ 63%]
tests/test_reporter_core.py::TestReportFormatting::test_format_new_buys_table_empty PASSED [ 63%]
tests/test_reporter_core.py::TestReportFormatting::test_format_open_positions_table_empty PASSED [ 64%]
tests/test_reporter_core.py::TestReportFormatting::test_format_sell_positions_table_empty PASSED [ 64%]
tests/test_reporter_core.py::TestReportFormatting::test_format_open_positions_table_with_na PASSED [ 65%]
tests/test_reporter_fetching.py::TestFetchBestStrategies::test_fetch_strategies_success PASSED [ 65%]
tests/test_reporter_fetching.py::TestFetchBestStrategies::test_fetch_strategies_threshold_filtering PASSED [ 66%]
tests/test_reporter_fetching.py::TestFetchBestStrategies::test_fetch_strategies_no_results PASSED [ 67%]
tests/test_reporter_fetching.py::TestFetchBestStrategies::test_fetch_strategies_database_error PASSED [ 67%]
tests/test_reporter_fetching.py::TestFetchBestStrategies::test_fetch_strategies_generic_exception PASSED [ 68%]
tests/test_reporter_formatting_utils.py::TestReportFormatting::test_format_new_buys_table_empty PASSED [ 68%]
tests/test_reporter_formatting_utils.py::TestReportFormatting::test_format_open_positions_table_empty PASSED [ 69%]
tests/test_reporter_formatting_utils.py::TestReportFormatting::test_format_sell_positions_table_empty PASSED [ 69%]
tests/test_reporter_formatting_utils.py::TestReportFormatting::test_format_open_positions_table_with_na PASSED [ 70%]
tests/test_reporter_generation.py::TestGenerateDailyReport::test_generate_report_with_positions PASSED [ 70%]
tests/test_reporter_generation.py::TestGenerateDailyReport::test_generate_report_file_write_error PASSED [ 71%]
tests/test_reporter_generation.py::TestGenerateDailyReport::test_generate_report_generic_exception PASSED [ 72%]
tests/test_reporter_identify_signals.py::TestIdentifyNewSignalsEdgeCases::test_identify_signals_data_load_failure PASSED [ 72%]
tests/test_reporter_identify_signals.py::TestIdentifyNewSignalsEdgeCases::test_identify_signals_json_decode_error PASSED [ 73%]
tests/test_reporter_identify_signals.py::TestIdentifyNewSignalsEdgeCases::test_identify_signals_rule_stack_not_list PASSED [ 73%]
tests/test_reporter_identify_signals.py::TestIdentifyNewSignalsEdgeCases::test_identify_signals_empty_rule_stack_list PASSED [ 74%]
tests/test_reporter_identify_signals.py::TestIdentifyNewSignalsEdgeCases::test_identify_signals_rule_def_not_dict PASSED [ 74%]
tests/test_reporter_identify_signals.py::TestIdentifyNewSignalsEdgeCases::test_identify_signals_unexpected_error_in_processing PASSED [ 75%]
tests/test_reporter_position_management.py::TestCalculateOpenPositionMetricsEdgeCases::test_calc_metrics_symbol_data_load_failure PASSED [ 75%]
tests/test_reporter_position_management.py::TestCalculateOpenPositionMetricsEdgeCases::test_calc_metrics_nifty_data_load_failure PASSED [ 76%]
tests/test_reporter_position_management.py::TestCalculateOpenPositionMetricsEdgeCases::test_calc_metrics_generic_exception PASSED [ 77%]
tests/test_reporter_position_management.py::TestManageOpenPositionsEdgeCases::test_manage_pos_symbol_exit_data_failure PASSED [ 77%]
tests/test_reporter_position_management.py::TestManageOpenPositionsEdgeCases::test_manage_pos_nifty_exit_data_failure PASSED [ 78%]
tests/test_reporter_position_management.py::TestManageOpenPositionsEdgeCases::test_manage_pos_generic_exception PASSED [ 78%]
tests/test_reporter_signal_checking.py::TestCheckForSignal::test_check_signal_with_valid_rule PASSED [ 79%]
tests/test_reporter_signal_checking.py::TestCheckForSignal::test_check_signal_no_signal PASSED [ 79%]
tests/test_reporter_signal_checking.py::TestCheckForSignal::test_check_signal_empty_data PASSED [ 80%]
tests/test_reporter_signal_checking.py::TestCheckForSignal::test_check_signal_unknown_rule PASSED [ 81%]
tests/test_reporter_signal_checking.py::TestCheckForSignal::test_check_signal_rule_exception PASSED [ 81%]
tests/test_rule_funcs.py::TestSMACrossover::test_valid_crossover_signal PASSED [ 82%]
tests/test_rule_funcs.py::TestSMACrossover::test_insufficient_data PASSED [ 82%]
tests/test_rule_funcs.py::TestSMACrossover::test_invalid_periods PASSED  [ 83%]
tests/test_rule_funcs.py::TestCalculateRSI::test_rsi_calculation PASSED  [ 83%]
tests/test_rule_funcs.py::TestCalculateRSI::test_rsi_insufficient_data PASSED [ 84%]
tests/test_rule_funcs.py::TestRSIOversold::test_oversold_signal_generation PASSED [ 84%]
tests/test_rule_funcs.py::TestRSIOversold::test_insufficient_data_rsi PASSED [ 85%]
tests/test_rule_funcs.py::TestEMACrossover::test_ema_crossover_signal PASSED [ 86%]
tests/test_rule_funcs.py::TestEdgeCases::test_empty_dataframe PASSED     [ 86%]
tests/test_rule_funcs.py::TestEdgeCases::test_single_price_data PASSED   [ 87%]
tests/test_rule_funcs.py::TestEdgeCases::test_nan_price_data PASSED      [ 87%]
tests/test_rule_funcs.py::TestIntegration::test_all_rules_with_real_data PASSED [ 88%]
tests/test_rule_funcs.py::TestVolumeSpike::test_volume_spike_detection PASSED [ 88%]
tests/test_rule_funcs.py::TestVolumeSpike::test_volume_spike_insufficient_data PASSED [ 89%]
tests/test_rule_funcs.py::TestVolumeSpike::test_volume_spike_invalid_params PASSED [ 89%]
tests/test_rule_funcs.py::TestVolumeSpike::test_volume_spike_missing_columns PASSED [ 90%]
tests/test_rule_funcs.py::TestHammerPattern::test_hammer_pattern_detection FAILED [ 91%]
tests/test_rule_funcs.py::TestHammerPattern::test_hammer_pattern_empty_data PASSED [ 91%]
tests/test_rule_funcs.py::TestHammerPattern::test_hammer_pattern_invalid_params PASSED [ 92%]
tests/test_rule_funcs.py::TestHammerPattern::test_hammer_pattern_missing_columns PASSED [ 92%]
tests/test_rule_funcs.py::TestEngulfingPattern::test_engulfing_pattern_detection FAILED [ 93%]
tests/test_rule_funcs.py::TestEngulfingPattern::test_engulfing_pattern_insufficient_data PASSED [ 93%]
tests/test_rule_funcs.py::TestEngulfingPattern::test_engulfing_pattern_invalid_params PASSED [ 94%]
tests/test_rule_funcs.py::TestEngulfingPattern::test_engulfing_pattern_missing_columns PASSED [ 94%]
tests/test_rule_funcs.py::TestMACDCrossover::test_macd_crossover_signal PASSED [ 95%]
tests/test_rule_funcs.py::TestMACDCrossover::test_macd_crossover_insufficient_data PASSED [ 96%]
tests/test_rule_funcs.py::TestMACDCrossover::test_macd_crossover_invalid_params PASSED [ 96%]
tests/test_rule_funcs.py::TestMACDCrossover::test_macd_crossover_missing_columns PASSED [ 97%]
tests/test_rule_funcs.py::TestBollingerSqueeze::test_bollinger_squeeze_signal PASSED [ 97%]
tests/test_rule_funcs.py::TestBollingerSqueeze::test_bollinger_squeeze_insufficient_data PASSED [ 98%]
tests/test_rule_funcs.py::TestBollingerSqueeze::test_bollinger_squeeze_invalid_params PASSED [ 98%]
tests/test_rule_funcs.py::TestBollingerSqueeze::test_bollinger_squeeze_missing_columns PASSED [ 99%]
tests/test_rule_funcs.py::TestNewRulesIntegration::test_all_new_rules_with_sample_data PASSED [100%]

================================== FAILURES ===================================
______________________________ test_get_summary _______________________________

    def test_get_summary():
        """Test the get_summary method."""
        monitor = PerformanceMonitor()
        with monitor.monitor_execution("fast_op"):
            time.sleep(0.01)
        with monitor.monitor_execution("slow_op"):
            time.sleep(0.02)
    
        summary = monitor.get_summary()
    
        assert summary['total_functions'] == 2
>       assert summary['total_duration'] == pytest.approx(0.03, abs=0.01)
E       assert 0.043927669525146484 == 0.03 ± 0.01
E         
E         comparison failed
E         Obtained: 0.043927669525146484
E         Expected: 0.03 ± 0.01

tests\test_performance.py:48: AssertionError
---------------------------- Captured stdout call -----------------------------
           INFO     fast_op completed in 0.02s                                 
           INFO     slow_op completed in 0.03s                                 
------------------------------ Captured log call ------------------------------
INFO     kiss_signal.performance:performance.py:42 fast_op completed in 0.02s
INFO     kiss_signal.performance:performance.py:42 slow_op completed in 0.03s
_______________ TestHammerPattern.test_hammer_pattern_detection _______________

self = <tests.test_rule_funcs.TestHammerPattern object at 0x00000185455BB620>
hammer_pattern_data =     open  high  low  close  volume
0  100.0   101   99  100.5    1000
1   95.0    96   90   94.5    1200
2   99.5   100   98   99.8    1100
3  104.0   105  103  104.2    1050

    def test_hammer_pattern_detection(self, hammer_pattern_data: pd.DataFrame) -> None:
        """Test hammer pattern detection with known patterns."""
        signals = hammer_pattern(hammer_pattern_data, body_ratio=0.3, shadow_ratio=2.0)
    
        assert isinstance(signals, pd.Series)
        assert signals.dtype == bool
        assert len(signals) == len(hammer_pattern_data)
    
        # Should detect hammer on day 1 (index 1)
>       assert signals.iloc[1]
E       assert np.False_

tests\test_rule_funcs.py:316: AssertionError
---------------------------- Captured stdout call -----------------------------
           DEBUG    Hammer pattern signals: 2 triggers                         
------------------------------ Captured log call ------------------------------
DEBUG    kiss_signal.rules:rules.py:250 Hammer pattern signals: 2 triggers
____________ TestEngulfingPattern.test_engulfing_pattern_detection ____________

self = <tests.test_rule_funcs.TestEngulfingPattern object at 0x00000185455BA690>
engulfing_pattern_data =    open  close   high    low  volume
0   100   99.0  100.2   98.8    1000
1    99  101.5  102.0   98.5    1200
2    98   97.5   98.2   97.0    1100
3   101  102.0  102.5  100.8    1300

    def test_engulfing_pattern_detection(self, engulfing_pattern_data: pd.DataFrame) -> None:
        """Test engulfing pattern detection with known patterns."""
        signals = engulfing_pattern(engulfing_pattern_data, min_body_ratio=1.2)
    
        assert isinstance(signals, pd.Series)
        assert signals.dtype == bool
        assert len(signals) == len(engulfing_pattern_data)
    
        # Should detect engulfing on day 1 (green candle engulfs red)
>       assert signals.iloc[1]
E       assert np.False_

tests\test_rule_funcs.py:352: AssertionError
---------------------------- Captured stdout call -----------------------------
           DEBUG    Engulfing pattern signals: 0 triggers                      
------------------------------ Captured log call ------------------------------
DEBUG    kiss_signal.rules:rules.py:298 Engulfing pattern signals: 0 triggers
=============================== tests coverage ================================
______________ coverage: platform win32, python 3.12.10-final-0 _______________

Name                             Stmts   Miss  Cover
----------------------------------------------------
src\kiss_signal\__init__.py          4      0   100%
src\kiss_signal\backtester.py      107     16    85%
src\kiss_signal\cli.py             165     16    90%
src\kiss_signal\config.py           71      7    90%
src\kiss_signal\data.py            174     15    91%
src\kiss_signal\performance.py      41      0   100%
src\kiss_signal\persistence.py     121     15    88%
src\kiss_signal\reporter.py        214     10    95%
src\kiss_signal\rules.py           145      3    98%
----------------------------------------------------
TOTAL                             1042     82    92%
=========================== short test summary info ===========================
FAILED tests/test_performance.py::test_get_summary - assert 0.043927669525146...
FAILED tests/test_rule_funcs.py::TestHammerPattern::test_hammer_pattern_detection
FAILED tests/test_rule_funcs.py::TestEngulfingPattern::test_engulfing_pattern_detection
======================= 3 failed, 176 passed in 39.62s ========================
